{"/opt/sistema-sgs/backend/src/config/database.js": {"path":"/opt/sistema-sgs/backend/src/config/database.js","statementMap":{"0":{"start":{"line":1,"column":22},"end":{"line":1,"column":42}},"1":{"start":{"line":3,"column":18},"end":{"line":26,"column":1}},"2":{"start":{"line":28,"column":0},"end":{"line":28,"column":27}}},"fnMap":{},"branchMap":{"0":{"loc":{"start":{"line":4,"column":2},"end":{"line":4,"column":38}},"type":"binary-expr","locations":[{"start":{"line":4,"column":2},"end":{"line":4,"column":21}},{"start":{"line":4,"column":25},"end":{"line":4,"column":38}}],"line":4},"1":{"loc":{"start":{"line":5,"column":2},"end":{"line":5,"column":31}},"type":"binary-expr","locations":[{"start":{"line":5,"column":2},"end":{"line":5,"column":21}},{"start":{"line":5,"column":25},"end":{"line":5,"column":31}}],"line":5},"2":{"loc":{"start":{"line":6,"column":2},"end":{"line":6,"column":31}},"type":"binary-expr","locations":[{"start":{"line":6,"column":2},"end":{"line":6,"column":25}},{"start":{"line":6,"column":29},"end":{"line":6,"column":31}}],"line":6},"3":{"loc":{"start":{"line":8,"column":10},"end":{"line":8,"column":44}},"type":"binary-expr","locations":[{"start":{"line":8,"column":10},"end":{"line":8,"column":29}},{"start":{"line":8,"column":33},"end":{"line":8,"column":44}}],"line":8},"4":{"loc":{"start":{"line":9,"column":10},"end":{"line":9,"column":37}},"type":"binary-expr","locations":[{"start":{"line":9,"column":10},"end":{"line":9,"column":29}},{"start":{"line":9,"column":33},"end":{"line":9,"column":37}}],"line":9},"5":{"loc":{"start":{"line":11,"column":13},"end":{"line":11,"column":73}},"type":"cond-expr","locations":[{"start":{"line":11,"column":54},"end":{"line":11,"column":65}},{"start":{"line":11,"column":68},"end":{"line":11,"column":73}}],"line":11}},"s":{"0":1,"1":1,"2":1},"f":{},"b":{"0":[1,0],"1":[1,0],"2":[1,0],"3":[1,0],"4":[1,0],"5":[0,1]},"_coverageSchema":"1a1c01bbd47fc00a2c39e90264f33305004495a9","hash":"0585ed6db41fdf783320a963c217b47f5d4fa3d7"}
,"/opt/sistema-sgs/backend/src/config/logger.js": {"path":"/opt/sistema-sgs/backend/src/config/logger.js","statementMap":{"0":{"start":{"line":1,"column":16},"end":{"line":1,"column":34}},"1":{"start":{"line":2,"column":13},"end":{"line":2,"column":28}},"2":{"start":{"line":3,"column":11},"end":{"line":3,"column":24}},"3":{"start":{"line":6,"column":15},"end":{"line":6,"column":49}},"4":{"start":{"line":7,"column":0},"end":{"line":9,"column":1}},"5":{"start":{"line":8,"column":2},"end":{"line":8,"column":44}},"6":{"start":{"line":11,"column":18},"end":{"line":21,"column":1}},"7":{"start":{"line":16,"column":4},"end":{"line":18,"column":5}},"8":{"start":{"line":17,"column":6},"end":{"line":17,"column":75}},"9":{"start":{"line":19,"column":4},"end":{"line":19,"column":63}},"10":{"start":{"line":23,"column":15},"end":{"line":41,"column":2}},"11":{"start":{"line":43,"column":0},"end":{"line":43,"column":24}}},"fnMap":{"0":{"name":"(anonymous_0)","decl":{"start":{"line":15,"column":24},"end":{"line":15,"column":25}},"loc":{"start":{"line":15,"column":66},"end":{"line":20,"column":3}},"line":15}},"branchMap":{"0":{"loc":{"start":{"line":7,"column":0},"end":{"line":9,"column":1}},"type":"if","locations":[{"start":{"line":7,"column":0},"end":{"line":9,"column":1}},{"start":{},"end":{}}],"line":7},"1":{"loc":{"start":{"line":16,"column":4},"end":{"line":18,"column":5}},"type":"if","locations":[{"start":{"line":16,"column":4},"end":{"line":18,"column":5}},{"start":{},"end":{}}],"line":16},"2":{"loc":{"start":{"line":24,"column":9},"end":{"line":24,"column":65}},"type":"cond-expr","locations":[{"start":{"line":24,"column":49},"end":{"line":24,"column":55}},{"start":{"line":24,"column":58},"end":{"line":24,"column":65}}],"line":24}},"s":{"0":0,"1":0,"2":0,"3":0,"4":0,"5":0,"6":0,"7":0,"8":0,"9":0,"10":0,"11":0},"f":{"0":0},"b":{"0":[0,0],"1":[0,0],"2":[0,0]}}
,"/opt/sistema-sgs/backend/src/controllers/AuthController.js": {"path":"/opt/sistema-sgs/backend/src/controllers/AuthController.js","statementMap":{"0":{"start":{"line":1,"column":12},"end":{"line":1,"column":35}},"1":{"start":{"line":2,"column":28},"end":{"line":2,"column":48}},"2":{"start":{"line":10,"column":4},"end":{"line":125,"column":5}},"3":{"start":{"line":11,"column":31},"end":{"line":11,"column":39}},"4":{"start":{"line":14,"column":6},"end":{"line":19,"column":7}},"5":{"start":{"line":15,"column":8},"end":{"line":18,"column":11}},"6":{"start":{"line":22,"column":22},"end":{"line":29,"column":8}},"7":{"start":{"line":31,"column":6},"end":{"line":36,"column":7}},"8":{"start":{"line":32,"column":8},"end":{"line":35,"column":11}},"9":{"start":{"line":39,"column":6},"end":{"line":44,"column":7}},"10":{"start":{"line":40,"column":8},"end":{"line":43,"column":11}},"11":{"start":{"line":47,"column":6},"end":{"line":54,"column":7}},"12":{"start":{"line":48,"column":33},"end":{"line":48,"column":88}},"13":{"start":{"line":49,"column":8},"end":{"line":53,"column":11}},"14":{"start":{"line":57,"column":26},"end":{"line":57,"column":59}},"15":{"start":{"line":59,"column":6},"end":{"line":87,"column":7}},"16":{"start":{"line":61,"column":27},"end":{"line":61,"column":55}},"17":{"start":{"line":63,"column":8},"end":{"line":78,"column":9}},"18":{"start":{"line":65,"column":31},"end":{"line":65,"column":41}},"19":{"start":{"line":66,"column":10},"end":{"line":66,"column":66}},"20":{"start":{"line":68,"column":10},"end":{"line":71,"column":13}},"21":{"start":{"line":73,"column":10},"end":{"line":77,"column":13}},"22":{"start":{"line":80,"column":8},"end":{"line":80,"column":63}},"23":{"start":{"line":82,"column":8},"end":{"line":86,"column":11}},"24":{"start":{"line":90,"column":6},"end":{"line":94,"column":9}},"25":{"start":{"line":97,"column":20},"end":{"line":107,"column":7}},"26":{"start":{"line":110,"column":30},"end":{"line":110,"column":46}},"27":{"start":{"line":112,"column":6},"end":{"line":117,"column":9}},"28":{"start":{"line":120,"column":6},"end":{"line":120,"column":45}},"29":{"start":{"line":121,"column":6},"end":{"line":124,"column":9}},"30":{"start":{"line":133,"column":4},"end":{"line":159,"column":5}},"31":{"start":{"line":134,"column":22},"end":{"line":140,"column":8}},"32":{"start":{"line":142,"column":6},"end":{"line":147,"column":7}},"33":{"start":{"line":143,"column":8},"end":{"line":146,"column":11}},"34":{"start":{"line":149,"column":6},"end":{"line":151,"column":9}},"35":{"start":{"line":154,"column":6},"end":{"line":154,"column":54}},"36":{"start":{"line":155,"column":6},"end":{"line":158,"column":9}},"37":{"start":{"line":167,"column":4},"end":{"line":218,"column":5}},"38":{"start":{"line":168,"column":66},"end":{"line":168,"column":74}},"39":{"start":{"line":171,"column":6},"end":{"line":176,"column":7}},"40":{"start":{"line":172,"column":8},"end":{"line":175,"column":11}},"41":{"start":{"line":178,"column":6},"end":{"line":183,"column":7}},"42":{"start":{"line":179,"column":8},"end":{"line":182,"column":11}},"43":{"start":{"line":185,"column":6},"end":{"line":190,"column":7}},"44":{"start":{"line":186,"column":8},"end":{"line":189,"column":11}},"45":{"start":{"line":193,"column":22},"end":{"line":193,"column":56}},"46":{"start":{"line":196,"column":26},"end":{"line":196,"column":65}},"47":{"start":{"line":197,"column":6},"end":{"line":202,"column":7}},"48":{"start":{"line":198,"column":8},"end":{"line":201,"column":11}},"49":{"start":{"line":205,"column":6},"end":{"line":205,"column":33}},"50":{"start":{"line":206,"column":6},"end":{"line":206,"column":27}},"51":{"start":{"line":208,"column":6},"end":{"line":210,"column":9}},"52":{"start":{"line":213,"column":6},"end":{"line":213,"column":53}},"53":{"start":{"line":214,"column":6},"end":{"line":217,"column":9}},"54":{"start":{"line":226,"column":4},"end":{"line":240,"column":5}},"55":{"start":{"line":230,"column":6},"end":{"line":232,"column":9}},"56":{"start":{"line":235,"column":6},"end":{"line":235,"column":46}},"57":{"start":{"line":236,"column":6},"end":{"line":239,"column":9}},"58":{"start":{"line":248,"column":4},"end":{"line":261,"column":5}},"59":{"start":{"line":250,"column":6},"end":{"line":254,"column":9}},"60":{"start":{"line":257,"column":6},"end":{"line":260,"column":9}},"61":{"start":{"line":265,"column":0},"end":{"line":265,"column":38}}},"fnMap":{"0":{"name":"(anonymous_0)","decl":{"start":{"line":9,"column":2},"end":{"line":9,"column":3}},"loc":{"start":{"line":9,"column":24},"end":{"line":126,"column":3}},"line":9},"1":{"name":"(anonymous_1)","decl":{"start":{"line":132,"column":2},"end":{"line":132,"column":3}},"loc":{"start":{"line":132,"column":21},"end":{"line":160,"column":3}},"line":132},"2":{"name":"(anonymous_2)","decl":{"start":{"line":166,"column":2},"end":{"line":166,"column":3}},"loc":{"start":{"line":166,"column":33},"end":{"line":219,"column":3}},"line":166},"3":{"name":"(anonymous_3)","decl":{"start":{"line":225,"column":2},"end":{"line":225,"column":3}},"loc":{"start":{"line":225,"column":25},"end":{"line":241,"column":3}},"line":225},"4":{"name":"(anonymous_4)","decl":{"start":{"line":247,"column":2},"end":{"line":247,"column":3}},"loc":{"start":{"line":247,"column":30},"end":{"line":262,"column":3}},"line":247}},"branchMap":{"0":{"loc":{"start":{"line":14,"column":6},"end":{"line":19,"column":7}},"type":"if","locations":[{"start":{"line":14,"column":6},"end":{"line":19,"column":7}},{"start":{},"end":{}}],"line":14},"1":{"loc":{"start":{"line":14,"column":10},"end":{"line":14,"column":26}},"type":"binary-expr","locations":[{"start":{"line":14,"column":10},"end":{"line":14,"column":16}},{"start":{"line":14,"column":20},"end":{"line":14,"column":26}}],"line":14},"2":{"loc":{"start":{"line":31,"column":6},"end":{"line":36,"column":7}},"type":"if","locations":[{"start":{"line":31,"column":6},"end":{"line":36,"column":7}},{"start":{},"end":{}}],"line":31},"3":{"loc":{"start":{"line":39,"column":6},"end":{"line":44,"column":7}},"type":"if","locations":[{"start":{"line":39,"column":6},"end":{"line":44,"column":7}},{"start":{},"end":{}}],"line":39},"4":{"loc":{"start":{"line":47,"column":6},"end":{"line":54,"column":7}},"type":"if","locations":[{"start":{"line":47,"column":6},"end":{"line":54,"column":7}},{"start":{},"end":{}}],"line":47},"5":{"loc":{"start":{"line":47,"column":10},"end":{"line":47,"column":69}},"type":"binary-expr","locations":[{"start":{"line":47,"column":10},"end":{"line":47,"column":31}},{"start":{"line":47,"column":35},"end":{"line":47,"column":69}}],"line":47},"6":{"loc":{"start":{"line":59,"column":6},"end":{"line":87,"column":7}},"type":"if","locations":[{"start":{"line":59,"column":6},"end":{"line":87,"column":7}},{"start":{},"end":{}}],"line":59},"7":{"loc":{"start":{"line":63,"column":8},"end":{"line":78,"column":9}},"type":"if","locations":[{"start":{"line":63,"column":8},"end":{"line":78,"column":9}},{"start":{},"end":{}}],"line":63},"8":{"loc":{"start":{"line":105,"column":21},"end":{"line":105,"column":51}},"type":"binary-expr","locations":[{"start":{"line":105,"column":21},"end":{"line":105,"column":43}},{"start":{"line":105,"column":47},"end":{"line":105,"column":51}}],"line":105},"9":{"loc":{"start":{"line":142,"column":6},"end":{"line":147,"column":7}},"type":"if","locations":[{"start":{"line":142,"column":6},"end":{"line":147,"column":7}},{"start":{},"end":{}}],"line":142},"10":{"loc":{"start":{"line":171,"column":6},"end":{"line":176,"column":7}},"type":"if","locations":[{"start":{"line":171,"column":6},"end":{"line":176,"column":7}},{"start":{},"end":{}}],"line":171},"11":{"loc":{"start":{"line":171,"column":10},"end":{"line":171,"column":64}},"type":"binary-expr","locations":[{"start":{"line":171,"column":10},"end":{"line":171,"column":22}},{"start":{"line":171,"column":26},"end":{"line":171,"column":37}},{"start":{"line":171,"column":41},"end":{"line":171,"column":64}}],"line":171},"12":{"loc":{"start":{"line":178,"column":6},"end":{"line":183,"column":7}},"type":"if","locations":[{"start":{"line":178,"column":6},"end":{"line":183,"column":7}},{"start":{},"end":{}}],"line":178},"13":{"loc":{"start":{"line":185,"column":6},"end":{"line":190,"column":7}},"type":"if","locations":[{"start":{"line":185,"column":6},"end":{"line":190,"column":7}},{"start":{},"end":{}}],"line":185},"14":{"loc":{"start":{"line":197,"column":6},"end":{"line":202,"column":7}},"type":"if","locations":[{"start":{"line":197,"column":6},"end":{"line":202,"column":7}},{"start":{},"end":{}}],"line":197}},"s":{"0":1,"1":1,"2":4,"3":4,"4":4,"5":0,"6":4,"7":4,"8":0,"9":4,"10":0,"11":4,"12":0,"13":0,"14":4,"15":4,"16":1,"17":1,"18":0,"19":0,"20":0,"21":0,"22":1,"23":1,"24":3,"25":3,"26":3,"27":3,"28":0,"29":0,"30":1,"31":1,"32":1,"33":0,"34":1,"35":0,"36":0,"37":0,"38":0,"39":0,"40":0,"41":0,"42":0,"43":0,"44":0,"45":0,"46":0,"47":0,"48":0,"49":0,"50":0,"51":0,"52":0,"53":0,"54":0,"55":0,"56":0,"57":0,"58":0,"59":0,"60":0,"61":1},"f":{"0":4,"1":1,"2":0,"3":0,"4":0},"b":{"0":[0,4],"1":[4,4],"2":[0,4],"3":[0,4],"4":[0,4],"5":[4,0],"6":[1,3],"7":[0,1],"8":[3,0],"9":[0,1],"10":[0,0],"11":[0,0,0],"12":[0,0],"13":[0,0],"14":[0,0]},"_coverageSchema":"1a1c01bbd47fc00a2c39e90264f33305004495a9","hash":"2f1234bd2ce44a2c9037106bd61fb965afafbf28"}
,"/opt/sistema-sgs/backend/src/controllers/ConsultaController.js": {"path":"/opt/sistema-sgs/backend/src/controllers/ConsultaController.js","statementMap":{"0":{"start":{"line":1,"column":59},"end":{"line":1,"column":79}},"1":{"start":{"line":2,"column":15},"end":{"line":2,"column":35}},"2":{"start":{"line":6,"column":4},"end":{"line":53,"column":5}},"3":{"start":{"line":10,"column":10},"end":{"line":10,"column":19}},"4":{"start":{"line":12,"column":20},"end":{"line":12,"column":22}},"5":{"start":{"line":13,"column":6},"end":{"line":13,"column":40}},"6":{"start":{"line":13,"column":18},"end":{"line":13,"column":40}},"7":{"start":{"line":14,"column":6},"end":{"line":14,"column":49}},"8":{"start":{"line":14,"column":21},"end":{"line":14,"column":49}},"9":{"start":{"line":15,"column":6},"end":{"line":15,"column":55}},"10":{"start":{"line":15,"column":23},"end":{"line":15,"column":55}},"11":{"start":{"line":17,"column":6},"end":{"line":21,"column":7}},"12":{"start":{"line":18,"column":8},"end":{"line":20,"column":10}},"13":{"start":{"line":23,"column":41},"end":{"line":40,"column":8}},"14":{"start":{"line":42,"column":6},"end":{"line":50,"column":9}},"15":{"start":{"line":52,"column":6},"end":{"line":52,"column":60}},"16":{"start":{"line":57,"column":4},"end":{"line":110,"column":5}},"17":{"start":{"line":58,"column":71},"end":{"line":58,"column":79}},"18":{"start":{"line":60,"column":6},"end":{"line":64,"column":7}},"19":{"start":{"line":61,"column":8},"end":{"line":63,"column":11}},"20":{"start":{"line":67,"column":31},"end":{"line":67,"column":50}},"21":{"start":{"line":68,"column":32},"end":{"line":79,"column":8}},"22":{"start":{"line":81,"column":6},"end":{"line":86,"column":7}},"23":{"start":{"line":82,"column":8},"end":{"line":85,"column":11}},"24":{"start":{"line":88,"column":23},"end":{"line":95,"column":8}},"25":{"start":{"line":97,"column":29},"end":{"line":102,"column":8}},"26":{"start":{"line":104,"column":6},"end":{"line":107,"column":9}},"27":{"start":{"line":109,"column":6},"end":{"line":109,"column":60}},"28":{"start":{"line":114,"column":4},"end":{"line":138,"column":5}},"29":{"start":{"line":115,"column":21},"end":{"line":115,"column":31}},"30":{"start":{"line":116,"column":20},"end":{"line":116,"column":28}},"31":{"start":{"line":118,"column":23},"end":{"line":118,"column":50}},"32":{"start":{"line":119,"column":6},"end":{"line":121,"column":7}},"33":{"start":{"line":120,"column":8},"end":{"line":120,"column":74}},"34":{"start":{"line":123,"column":6},"end":{"line":123,"column":35}},"35":{"start":{"line":125,"column":33},"end":{"line":130,"column":8}},"36":{"start":{"line":132,"column":6},"end":{"line":135,"column":9}},"37":{"start":{"line":137,"column":6},"end":{"line":137,"column":60}},"38":{"start":{"line":142,"column":4},"end":{"line":159,"column":5}},"39":{"start":{"line":143,"column":21},"end":{"line":143,"column":31}},"40":{"start":{"line":144,"column":38},"end":{"line":144,"column":46}},"41":{"start":{"line":146,"column":23},"end":{"line":146,"column":50}},"42":{"start":{"line":147,"column":6},"end":{"line":149,"column":7}},"43":{"start":{"line":148,"column":8},"end":{"line":148,"column":74}},"44":{"start":{"line":151,"column":6},"end":{"line":154,"column":9}},"45":{"start":{"line":156,"column":6},"end":{"line":156,"column":69}},"46":{"start":{"line":158,"column":6},"end":{"line":158,"column":60}},"47":{"start":{"line":163,"column":0},"end":{"line":163,"column":42}}},"fnMap":{"0":{"name":"(anonymous_0)","decl":{"start":{"line":5,"column":2},"end":{"line":5,"column":3}},"loc":{"start":{"line":5,"column":24},"end":{"line":54,"column":3}},"line":5},"1":{"name":"(anonymous_1)","decl":{"start":{"line":56,"column":2},"end":{"line":56,"column":3}},"loc":{"start":{"line":56,"column":24},"end":{"line":111,"column":3}},"line":56},"2":{"name":"(anonymous_2)","decl":{"start":{"line":113,"column":2},"end":{"line":113,"column":3}},"loc":{"start":{"line":113,"column":25},"end":{"line":139,"column":3}},"line":113},"3":{"name":"(anonymous_3)","decl":{"start":{"line":141,"column":2},"end":{"line":141,"column":3}},"loc":{"start":{"line":141,"column":27},"end":{"line":160,"column":3}},"line":141}},"branchMap":{"0":{"loc":{"start":{"line":8,"column":8},"end":{"line":8,"column":16}},"type":"default-arg","locations":[{"start":{"line":8,"column":15},"end":{"line":8,"column":16}}],"line":8},"1":{"loc":{"start":{"line":8,"column":18},"end":{"line":8,"column":28}},"type":"default-arg","locations":[{"start":{"line":8,"column":26},"end":{"line":8,"column":28}}],"line":8},"2":{"loc":{"start":{"line":13,"column":6},"end":{"line":13,"column":40}},"type":"if","locations":[{"start":{"line":13,"column":6},"end":{"line":13,"column":40}},{"start":{},"end":{}}],"line":13},"3":{"loc":{"start":{"line":14,"column":6},"end":{"line":14,"column":49}},"type":"if","locations":[{"start":{"line":14,"column":6},"end":{"line":14,"column":49}},{"start":{},"end":{}}],"line":14},"4":{"loc":{"start":{"line":15,"column":6},"end":{"line":15,"column":55}},"type":"if","locations":[{"start":{"line":15,"column":6},"end":{"line":15,"column":55}},{"start":{},"end":{}}],"line":15},"5":{"loc":{"start":{"line":17,"column":6},"end":{"line":21,"column":7}},"type":"if","locations":[{"start":{"line":17,"column":6},"end":{"line":21,"column":7}},{"start":{},"end":{}}],"line":17},"6":{"loc":{"start":{"line":17,"column":10},"end":{"line":17,"column":33}},"type":"binary-expr","locations":[{"start":{"line":17,"column":10},"end":{"line":17,"column":21}},{"start":{"line":17,"column":25},"end":{"line":17,"column":33}}],"line":17},"7":{"loc":{"start":{"line":60,"column":6},"end":{"line":64,"column":7}},"type":"if","locations":[{"start":{"line":60,"column":6},"end":{"line":64,"column":7}},{"start":{},"end":{}}],"line":60},"8":{"loc":{"start":{"line":60,"column":10},"end":{"line":60,"column":50}},"type":"binary-expr","locations":[{"start":{"line":60,"column":10},"end":{"line":60,"column":22}},{"start":{"line":60,"column":26},"end":{"line":60,"column":36}},{"start":{"line":60,"column":40},"end":{"line":60,"column":50}}],"line":60},"9":{"loc":{"start":{"line":81,"column":6},"end":{"line":86,"column":7}},"type":"if","locations":[{"start":{"line":81,"column":6},"end":{"line":86,"column":7}},{"start":{},"end":{}}],"line":81},"10":{"loc":{"start":{"line":92,"column":14},"end":{"line":92,"column":32}},"type":"binary-expr","locations":[{"start":{"line":92,"column":14},"end":{"line":92,"column":18}},{"start":{"line":92,"column":22},"end":{"line":92,"column":32}}],"line":92},"11":{"loc":{"start":{"line":119,"column":6},"end":{"line":121,"column":7}},"type":"if","locations":[{"start":{"line":119,"column":6},"end":{"line":121,"column":7}},{"start":{},"end":{}}],"line":119},"12":{"loc":{"start":{"line":147,"column":6},"end":{"line":149,"column":7}},"type":"if","locations":[{"start":{"line":147,"column":6},"end":{"line":149,"column":7}},{"start":{},"end":{}}],"line":147}},"s":{"0":1,"1":1,"2":1,"3":1,"4":1,"5":1,"6":0,"7":1,"8":0,"9":1,"10":0,"11":1,"12":0,"13":1,"14":1,"15":0,"16":2,"17":2,"18":2,"19":1,"20":1,"21":1,"22":1,"23":0,"24":1,"25":1,"26":1,"27":0,"28":0,"29":0,"30":0,"31":0,"32":0,"33":0,"34":0,"35":0,"36":0,"37":0,"38":0,"39":0,"40":0,"41":0,"42":0,"43":0,"44":0,"45":0,"46":0,"47":1},"f":{"0":1,"1":2,"2":0,"3":0},"b":{"0":[1],"1":[1],"2":[0,1],"3":[0,1],"4":[0,1],"5":[0,1],"6":[1,0],"7":[1,1],"8":[2,1,1],"9":[0,1],"10":[1,0],"11":[0,0],"12":[0,0]},"_coverageSchema":"1a1c01bbd47fc00a2c39e90264f33305004495a9","hash":"e148849c53618495764881b6f730acc0268d718d"}
,"/opt/sistema-sgs/backend/src/controllers/PacienteController.js": {"path":"/opt/sistema-sgs/backend/src/controllers/PacienteController.js","statementMap":{"0":{"start":{"line":1,"column":67},"end":{"line":1,"column":87}},"1":{"start":{"line":2,"column":15},"end":{"line":2,"column":35}},"2":{"start":{"line":10,"column":4},"end":{"line":63,"column":5}},"3":{"start":{"line":16,"column":10},"end":{"line":16,"column":19}},"4":{"start":{"line":18,"column":21},"end":{"line":18,"column":39}},"5":{"start":{"line":19,"column":20},"end":{"line":19,"column":22}},"6":{"start":{"line":21,"column":6},"end":{"line":28,"column":7}},"7":{"start":{"line":22,"column":8},"end":{"line":27,"column":10}},"8":{"start":{"line":30,"column":6},"end":{"line":32,"column":7}},"9":{"start":{"line":31,"column":8},"end":{"line":31,"column":51}},"10":{"start":{"line":34,"column":41},"end":{"line":45,"column":8}},"11":{"start":{"line":47,"column":6},"end":{"line":55,"column":9}},"12":{"start":{"line":58,"column":6},"end":{"line":58,"column":56}},"13":{"start":{"line":59,"column":6},"end":{"line":62,"column":9}},"14":{"start":{"line":71,"column":4},"end":{"line":119,"column":5}},"15":{"start":{"line":72,"column":21},"end":{"line":72,"column":31}},"16":{"start":{"line":74,"column":23},"end":{"line":88,"column":8}},"17":{"start":{"line":90,"column":6},"end":{"line":95,"column":7}},"18":{"start":{"line":91,"column":8},"end":{"line":94,"column":11}},"19":{"start":{"line":98,"column":29},"end":{"line":98,"column":81}},"20":{"start":{"line":99,"column":34},"end":{"line":101,"column":8}},"21":{"start":{"line":102,"column":26},"end":{"line":102,"column":75}},"22":{"start":{"line":104,"column":6},"end":{"line":111,"column":9}},"23":{"start":{"line":114,"column":6},"end":{"line":114,"column":55}},"24":{"start":{"line":115,"column":6},"end":{"line":118,"column":9}},"25":{"start":{"line":127,"column":4},"end":{"line":252,"column":5}},"26":{"start":{"line":138,"column":10},"end":{"line":138,"column":18}},"27":{"start":{"line":141,"column":6},"end":{"line":146,"column":7}},"28":{"start":{"line":142,"column":8},"end":{"line":145,"column":11}},"29":{"start":{"line":149,"column":27},"end":{"line":149,"column":67}},"30":{"start":{"line":150,"column":6},"end":{"line":155,"column":7}},"31":{"start":{"line":151,"column":8},"end":{"line":154,"column":11}},"32":{"start":{"line":158,"column":29},"end":{"line":158,"column":71}},"33":{"start":{"line":159,"column":6},"end":{"line":164,"column":7}},"34":{"start":{"line":160,"column":8},"end":{"line":163,"column":11}},"35":{"start":{"line":167,"column":21},"end":{"line":172,"column":8}},"36":{"start":{"line":175,"column":29},"end":{"line":177,"column":8}},"37":{"start":{"line":178,"column":28},"end":{"line":178,"column":70}},"38":{"start":{"line":179,"column":31},"end":{"line":179,"column":79}},"39":{"start":{"line":182,"column":23},"end":{"line":191,"column":8}},"40":{"start":{"line":194,"column":6},"end":{"line":202,"column":7}},"41":{"start":{"line":195,"column":8},"end":{"line":201,"column":11}},"42":{"start":{"line":205,"column":29},"end":{"line":210,"column":8}},"43":{"start":{"line":212,"column":6},"end":{"line":215,"column":9}},"44":{"start":{"line":218,"column":6},"end":{"line":218,"column":54}},"45":{"start":{"line":221,"column":6},"end":{"line":235,"column":7}},"46":{"start":{"line":222,"column":22},"end":{"line":222,"column":61}},"47":{"start":{"line":224,"column":23},"end":{"line":224,"column":61}},"48":{"start":{"line":225,"column":8},"end":{"line":229,"column":9}},"49":{"start":{"line":226,"column":10},"end":{"line":226,"column":52}},"50":{"start":{"line":227,"column":15},"end":{"line":229,"column":9}},"51":{"start":{"line":228,"column":10},"end":{"line":228,"column":54}},"52":{"start":{"line":231,"column":8},"end":{"line":234,"column":11}},"53":{"start":{"line":238,"column":6},"end":{"line":246,"column":7}},"54":{"start":{"line":239,"column":8},"end":{"line":245,"column":11}},"55":{"start":{"line":241,"column":43},"end":{"line":244,"column":11}},"56":{"start":{"line":248,"column":6},"end":{"line":251,"column":9}},"57":{"start":{"line":260,"column":4},"end":{"line":306,"column":5}},"58":{"start":{"line":261,"column":21},"end":{"line":261,"column":31}},"59":{"start":{"line":262,"column":20},"end":{"line":262,"column":28}},"60":{"start":{"line":264,"column":23},"end":{"line":266,"column":8}},"61":{"start":{"line":268,"column":6},"end":{"line":273,"column":7}},"62":{"start":{"line":269,"column":8},"end":{"line":272,"column":11}},"63":{"start":{"line":276,"column":6},"end":{"line":278,"column":7}},"64":{"start":{"line":277,"column":8},"end":{"line":277,"column":51}},"65":{"start":{"line":281,"column":6},"end":{"line":288,"column":9}},"66":{"start":{"line":291,"column":33},"end":{"line":293,"column":8}},"67":{"start":{"line":295,"column":6},"end":{"line":298,"column":9}},"68":{"start":{"line":301,"column":6},"end":{"line":301,"column":58}},"69":{"start":{"line":302,"column":6},"end":{"line":305,"column":9}},"70":{"start":{"line":314,"column":4},"end":{"line":341,"column":5}},"71":{"start":{"line":315,"column":21},"end":{"line":315,"column":31}},"72":{"start":{"line":317,"column":23},"end":{"line":319,"column":8}},"73":{"start":{"line":321,"column":6},"end":{"line":326,"column":7}},"74":{"start":{"line":322,"column":8},"end":{"line":325,"column":11}},"75":{"start":{"line":329,"column":6},"end":{"line":329,"column":53}},"76":{"start":{"line":331,"column":6},"end":{"line":333,"column":9}},"77":{"start":{"line":336,"column":6},"end":{"line":336,"column":58}},"78":{"start":{"line":337,"column":6},"end":{"line":340,"column":9}},"79":{"start":{"line":349,"column":4},"end":{"line":386,"column":5}},"80":{"start":{"line":350,"column":21},"end":{"line":350,"column":31}},"81":{"start":{"line":352,"column":23},"end":{"line":352,"column":50}},"82":{"start":{"line":353,"column":6},"end":{"line":357,"column":7}},"83":{"start":{"line":354,"column":8},"end":{"line":356,"column":11}},"84":{"start":{"line":359,"column":24},"end":{"line":368,"column":8}},"85":{"start":{"line":370,"column":21},"end":{"line":373,"column":8}},"86":{"start":{"line":375,"column":6},"end":{"line":378,"column":9}},"87":{"start":{"line":381,"column":6},"end":{"line":381,"column":56}},"88":{"start":{"line":382,"column":6},"end":{"line":385,"column":9}},"89":{"start":{"line":390,"column":0},"end":{"line":390,"column":42}}},"fnMap":{"0":{"name":"(anonymous_0)","decl":{"start":{"line":9,"column":2},"end":{"line":9,"column":3}},"loc":{"start":{"line":9,"column":24},"end":{"line":64,"column":3}},"line":9},"1":{"name":"(anonymous_1)","decl":{"start":{"line":70,"column":2},"end":{"line":70,"column":3}},"loc":{"start":{"line":70,"column":23},"end":{"line":120,"column":3}},"line":70},"2":{"name":"(anonymous_2)","decl":{"start":{"line":126,"column":2},"end":{"line":126,"column":3}},"loc":{"start":{"line":126,"column":24},"end":{"line":253,"column":3}},"line":126},"3":{"name":"(anonymous_3)","decl":{"start":{"line":241,"column":37},"end":{"line":241,"column":38}},"loc":{"start":{"line":241,"column":43},"end":{"line":244,"column":11}},"line":241},"4":{"name":"(anonymous_4)","decl":{"start":{"line":259,"column":2},"end":{"line":259,"column":3}},"loc":{"start":{"line":259,"column":25},"end":{"line":307,"column":3}},"line":259},"5":{"name":"(anonymous_5)","decl":{"start":{"line":313,"column":2},"end":{"line":313,"column":3}},"loc":{"start":{"line":313,"column":26},"end":{"line":342,"column":3}},"line":313},"6":{"name":"(anonymous_6)","decl":{"start":{"line":348,"column":2},"end":{"line":348,"column":3}},"loc":{"start":{"line":348,"column":28},"end":{"line":387,"column":3}},"line":348}},"branchMap":{"0":{"loc":{"start":{"line":12,"column":8},"end":{"line":12,"column":16}},"type":"default-arg","locations":[{"start":{"line":12,"column":15},"end":{"line":12,"column":16}}],"line":12},"1":{"loc":{"start":{"line":13,"column":8},"end":{"line":13,"column":18}},"type":"default-arg","locations":[{"start":{"line":13,"column":16},"end":{"line":13,"column":18}}],"line":13},"2":{"loc":{"start":{"line":14,"column":8},"end":{"line":14,"column":19}},"type":"default-arg","locations":[{"start":{"line":14,"column":17},"end":{"line":14,"column":19}}],"line":14},"3":{"loc":{"start":{"line":15,"column":8},"end":{"line":15,"column":22}},"type":"default-arg","locations":[{"start":{"line":15,"column":16},"end":{"line":15,"column":22}}],"line":15},"4":{"loc":{"start":{"line":21,"column":6},"end":{"line":28,"column":7}},"type":"if","locations":[{"start":{"line":21,"column":6},"end":{"line":28,"column":7}},{"start":{},"end":{}}],"line":21},"5":{"loc":{"start":{"line":30,"column":6},"end":{"line":32,"column":7}},"type":"if","locations":[{"start":{"line":30,"column":6},"end":{"line":32,"column":7}},{"start":{},"end":{}}],"line":30},"6":{"loc":{"start":{"line":90,"column":6},"end":{"line":95,"column":7}},"type":"if","locations":[{"start":{"line":90,"column":6},"end":{"line":95,"column":7}},{"start":{},"end":{}}],"line":90},"7":{"loc":{"start":{"line":137,"column":8},"end":{"line":137,"column":29}},"type":"default-arg","locations":[{"start":{"line":137,"column":24},"end":{"line":137,"column":29}}],"line":137},"8":{"loc":{"start":{"line":141,"column":6},"end":{"line":146,"column":7}},"type":"if","locations":[{"start":{"line":141,"column":6},"end":{"line":146,"column":7}},{"start":{},"end":{}}],"line":141},"9":{"loc":{"start":{"line":141,"column":10},"end":{"line":141,"column":71}},"type":"binary-expr","locations":[{"start":{"line":141,"column":10},"end":{"line":141,"column":14}},{"start":{"line":141,"column":18},"end":{"line":141,"column":32}},{"start":{"line":141,"column":36},"end":{"line":141,"column":52}},{"start":{"line":141,"column":56},"end":{"line":141,"column":61}},{"start":{"line":141,"column":65},"end":{"line":141,"column":71}}],"line":141},"10":{"loc":{"start":{"line":150,"column":6},"end":{"line":155,"column":7}},"type":"if","locations":[{"start":{"line":150,"column":6},"end":{"line":155,"column":7}},{"start":{},"end":{}}],"line":150},"11":{"loc":{"start":{"line":159,"column":6},"end":{"line":164,"column":7}},"type":"if","locations":[{"start":{"line":159,"column":6},"end":{"line":164,"column":7}},{"start":{},"end":{}}],"line":159},"12":{"loc":{"start":{"line":178,"column":28},"end":{"line":178,"column":70}},"type":"cond-expr","locations":[{"start":{"line":178,"column":45},"end":{"line":178,"column":66}},{"start":{"line":178,"column":69},"end":{"line":178,"column":70}}],"line":178},"13":{"loc":{"start":{"line":194,"column":6},"end":{"line":202,"column":7}},"type":"if","locations":[{"start":{"line":194,"column":6},"end":{"line":202,"column":7}},{"start":{},"end":{}}],"line":194},"14":{"loc":{"start":{"line":194,"column":10},"end":{"line":194,"column":32}},"type":"binary-expr","locations":[{"start":{"line":194,"column":10},"end":{"line":194,"column":23}},{"start":{"line":194,"column":27},"end":{"line":194,"column":32}}],"line":194},"15":{"loc":{"start":{"line":221,"column":6},"end":{"line":235,"column":7}},"type":"if","locations":[{"start":{"line":221,"column":6},"end":{"line":235,"column":7}},{"start":{},"end":{}}],"line":221},"16":{"loc":{"start":{"line":222,"column":22},"end":{"line":222,"column":61}},"type":"binary-expr","locations":[{"start":{"line":222,"column":22},"end":{"line":222,"column":43}},{"start":{"line":222,"column":47},"end":{"line":222,"column":61}}],"line":222},"17":{"loc":{"start":{"line":225,"column":8},"end":{"line":229,"column":9}},"type":"if","locations":[{"start":{"line":225,"column":8},"end":{"line":229,"column":9}},{"start":{"line":227,"column":15},"end":{"line":229,"column":9}}],"line":225},"18":{"loc":{"start":{"line":227,"column":15},"end":{"line":229,"column":9}},"type":"if","locations":[{"start":{"line":227,"column":15},"end":{"line":229,"column":9}},{"start":{},"end":{}}],"line":227},"19":{"loc":{"start":{"line":238,"column":6},"end":{"line":246,"column":7}},"type":"if","locations":[{"start":{"line":238,"column":6},"end":{"line":246,"column":7}},{"start":{},"end":{}}],"line":238},"20":{"loc":{"start":{"line":268,"column":6},"end":{"line":273,"column":7}},"type":"if","locations":[{"start":{"line":268,"column":6},"end":{"line":273,"column":7}},{"start":{},"end":{}}],"line":268},"21":{"loc":{"start":{"line":276,"column":6},"end":{"line":278,"column":7}},"type":"if","locations":[{"start":{"line":276,"column":6},"end":{"line":278,"column":7}},{"start":{},"end":{}}],"line":276},"22":{"loc":{"start":{"line":321,"column":6},"end":{"line":326,"column":7}},"type":"if","locations":[{"start":{"line":321,"column":6},"end":{"line":326,"column":7}},{"start":{},"end":{}}],"line":321},"23":{"loc":{"start":{"line":353,"column":6},"end":{"line":357,"column":7}},"type":"if","locations":[{"start":{"line":353,"column":6},"end":{"line":357,"column":7}},{"start":{},"end":{}}],"line":353}},"s":{"0":1,"1":1,"2":1,"3":1,"4":1,"5":1,"6":1,"7":0,"8":1,"9":1,"10":1,"11":1,"12":0,"13":0,"14":0,"15":0,"16":0,"17":0,"18":0,"19":0,"20":0,"21":0,"22":0,"23":0,"24":0,"25":3,"26":3,"27":3,"28":0,"29":3,"30":3,"31":1,"32":2,"33":2,"34":1,"35":1,"36":1,"37":1,"38":1,"39":1,"40":1,"41":0,"42":1,"43":1,"44":0,"45":0,"46":0,"47":0,"48":0,"49":0,"50":0,"51":0,"52":0,"53":0,"54":0,"55":0,"56":0,"57":0,"58":0,"59":0,"60":0,"61":0,"62":0,"63":0,"64":0,"65":0,"66":0,"67":0,"68":0,"69":0,"70":0,"71":0,"72":0,"73":0,"74":0,"75":0,"76":0,"77":0,"78":0,"79":0,"80":0,"81":0,"82":0,"83":0,"84":0,"85":0,"86":0,"87":0,"88":0,"89":1},"f":{"0":1,"1":0,"2":3,"3":0,"4":0,"5":0,"6":0},"b":{"0":[1],"1":[1],"2":[1],"3":[1],"4":[0,1],"5":[1,0],"6":[0,0],"7":[3],"8":[0,3],"9":[3,3,3,3,3],"10":[1,2],"11":[1,1],"12":[1,0],"13":[0,1],"14":[1,0],"15":[0,0],"16":[0,0],"17":[0,0],"18":[0,0],"19":[0,0],"20":[0,0],"21":[0,0],"22":[0,0],"23":[0,0]},"_coverageSchema":"1a1c01bbd47fc00a2c39e90264f33305004495a9","hash":"15a408f9bcb5710c4ed01aca435183280aaa6821"}
,"/opt/sistema-sgs/backend/src/middlewares/auth.js": {"path":"/opt/sistema-sgs/backend/src/middlewares/auth.js","statementMap":{"0":{"start":{"line":1,"column":12},"end":{"line":1,"column":35}},"1":{"start":{"line":2,"column":28},"end":{"line":2,"column":48}},"2":{"start":{"line":8,"column":13},"end":{"line":92,"column":1}},"3":{"start":{"line":9,"column":2},"end":{"line":91,"column":3}},"4":{"start":{"line":11,"column":23},"end":{"line":11,"column":48}},"5":{"start":{"line":13,"column":4},"end":{"line":18,"column":5}},"6":{"start":{"line":14,"column":6},"end":{"line":17,"column":9}},"7":{"start":{"line":21,"column":18},"end":{"line":21,"column":39}},"8":{"start":{"line":23,"column":4},"end":{"line":28,"column":5}},"9":{"start":{"line":24,"column":6},"end":{"line":27,"column":9}},"10":{"start":{"line":30,"column":28},"end":{"line":30,"column":33}},"11":{"start":{"line":32,"column":4},"end":{"line":37,"column":5}},"12":{"start":{"line":33,"column":6},"end":{"line":36,"column":9}},"13":{"start":{"line":40,"column":20},"end":{"line":40,"column":61}},"14":{"start":{"line":43,"column":20},"end":{"line":50,"column":6}},"15":{"start":{"line":52,"column":4},"end":{"line":57,"column":5}},"16":{"start":{"line":53,"column":6},"end":{"line":56,"column":9}},"17":{"start":{"line":59,"column":4},"end":{"line":64,"column":5}},"18":{"start":{"line":60,"column":6},"end":{"line":63,"column":9}},"19":{"start":{"line":67,"column":4},"end":{"line":67,"column":28}},"20":{"start":{"line":68,"column":4},"end":{"line":68,"column":36}},"21":{"start":{"line":69,"column":4},"end":{"line":69,"column":26}},"22":{"start":{"line":71,"column":4},"end":{"line":71,"column":11}},"23":{"start":{"line":73,"column":4},"end":{"line":78,"column":5}},"24":{"start":{"line":74,"column":6},"end":{"line":77,"column":9}},"25":{"start":{"line":80,"column":4},"end":{"line":85,"column":5}},"26":{"start":{"line":81,"column":6},"end":{"line":84,"column":9}},"27":{"start":{"line":87,"column":4},"end":{"line":90,"column":7}},"28":{"start":{"line":98,"column":18},"end":{"line":118,"column":1}},"29":{"start":{"line":99,"column":2},"end":{"line":117,"column":4}},"30":{"start":{"line":100,"column":4},"end":{"line":105,"column":5}},"31":{"start":{"line":101,"column":6},"end":{"line":104,"column":9}},"32":{"start":{"line":107,"column":4},"end":{"line":114,"column":5}},"33":{"start":{"line":108,"column":6},"end":{"line":113,"column":9}},"34":{"start":{"line":116,"column":4},"end":{"line":116,"column":11}},"35":{"start":{"line":124,"column":21},"end":{"line":163,"column":1}},"36":{"start":{"line":125,"column":2},"end":{"line":162,"column":3}},"37":{"start":{"line":126,"column":23},"end":{"line":126,"column":48}},"38":{"start":{"line":128,"column":4},"end":{"line":130,"column":5}},"39":{"start":{"line":129,"column":6},"end":{"line":129,"column":20}},"40":{"start":{"line":132,"column":18},"end":{"line":132,"column":39}},"41":{"start":{"line":134,"column":4},"end":{"line":136,"column":5}},"42":{"start":{"line":135,"column":6},"end":{"line":135,"column":20}},"43":{"start":{"line":138,"column":28},"end":{"line":138,"column":33}},"44":{"start":{"line":140,"column":4},"end":{"line":142,"column":5}},"45":{"start":{"line":141,"column":6},"end":{"line":141,"column":20}},"46":{"start":{"line":144,"column":20},"end":{"line":144,"column":61}},"47":{"start":{"line":145,"column":20},"end":{"line":150,"column":6}},"48":{"start":{"line":152,"column":4},"end":{"line":156,"column":5}},"49":{"start":{"line":153,"column":6},"end":{"line":153,"column":30}},"50":{"start":{"line":154,"column":6},"end":{"line":154,"column":38}},"51":{"start":{"line":155,"column":6},"end":{"line":155,"column":28}},"52":{"start":{"line":158,"column":4},"end":{"line":158,"column":11}},"53":{"start":{"line":161,"column":4},"end":{"line":161,"column":11}},"54":{"start":{"line":165,"column":0},"end":{"line":165,"column":51}}},"fnMap":{"0":{"name":"(anonymous_0)","decl":{"start":{"line":8,"column":13},"end":{"line":8,"column":14}},"loc":{"start":{"line":8,"column":39},"end":{"line":92,"column":1}},"line":8},"1":{"name":"(anonymous_1)","decl":{"start":{"line":98,"column":18},"end":{"line":98,"column":19}},"loc":{"start":{"line":98,"column":43},"end":{"line":118,"column":1}},"line":98},"2":{"name":"(anonymous_2)","decl":{"start":{"line":99,"column":9},"end":{"line":99,"column":10}},"loc":{"start":{"line":99,"column":29},"end":{"line":117,"column":3}},"line":99},"3":{"name":"(anonymous_3)","decl":{"start":{"line":124,"column":21},"end":{"line":124,"column":22}},"loc":{"start":{"line":124,"column":47},"end":{"line":163,"column":1}},"line":124}},"branchMap":{"0":{"loc":{"start":{"line":13,"column":4},"end":{"line":18,"column":5}},"type":"if","locations":[{"start":{"line":13,"column":4},"end":{"line":18,"column":5}},{"start":{},"end":{}}],"line":13},"1":{"loc":{"start":{"line":23,"column":4},"end":{"line":28,"column":5}},"type":"if","locations":[{"start":{"line":23,"column":4},"end":{"line":28,"column":5}},{"start":{},"end":{}}],"line":23},"2":{"loc":{"start":{"line":32,"column":4},"end":{"line":37,"column":5}},"type":"if","locations":[{"start":{"line":32,"column":4},"end":{"line":37,"column":5}},{"start":{},"end":{}}],"line":32},"3":{"loc":{"start":{"line":52,"column":4},"end":{"line":57,"column":5}},"type":"if","locations":[{"start":{"line":52,"column":4},"end":{"line":57,"column":5}},{"start":{},"end":{}}],"line":52},"4":{"loc":{"start":{"line":59,"column":4},"end":{"line":64,"column":5}},"type":"if","locations":[{"start":{"line":59,"column":4},"end":{"line":64,"column":5}},{"start":{},"end":{}}],"line":59},"5":{"loc":{"start":{"line":73,"column":4},"end":{"line":78,"column":5}},"type":"if","locations":[{"start":{"line":73,"column":4},"end":{"line":78,"column":5}},{"start":{},"end":{}}],"line":73},"6":{"loc":{"start":{"line":80,"column":4},"end":{"line":85,"column":5}},"type":"if","locations":[{"start":{"line":80,"column":4},"end":{"line":85,"column":5}},{"start":{},"end":{}}],"line":80},"7":{"loc":{"start":{"line":100,"column":4},"end":{"line":105,"column":5}},"type":"if","locations":[{"start":{"line":100,"column":4},"end":{"line":105,"column":5}},{"start":{},"end":{}}],"line":100},"8":{"loc":{"start":{"line":107,"column":4},"end":{"line":114,"column":5}},"type":"if","locations":[{"start":{"line":107,"column":4},"end":{"line":114,"column":5}},{"start":{},"end":{}}],"line":107},"9":{"loc":{"start":{"line":128,"column":4},"end":{"line":130,"column":5}},"type":"if","locations":[{"start":{"line":128,"column":4},"end":{"line":130,"column":5}},{"start":{},"end":{}}],"line":128},"10":{"loc":{"start":{"line":134,"column":4},"end":{"line":136,"column":5}},"type":"if","locations":[{"start":{"line":134,"column":4},"end":{"line":136,"column":5}},{"start":{},"end":{}}],"line":134},"11":{"loc":{"start":{"line":140,"column":4},"end":{"line":142,"column":5}},"type":"if","locations":[{"start":{"line":140,"column":4},"end":{"line":142,"column":5}},{"start":{},"end":{}}],"line":140},"12":{"loc":{"start":{"line":152,"column":4},"end":{"line":156,"column":5}},"type":"if","locations":[{"start":{"line":152,"column":4},"end":{"line":156,"column":5}},{"start":{},"end":{}}],"line":152},"13":{"loc":{"start":{"line":152,"column":8},"end":{"line":152,"column":32}},"type":"binary-expr","locations":[{"start":{"line":152,"column":8},"end":{"line":152,"column":15}},{"start":{"line":152,"column":19},"end":{"line":152,"column":32}}],"line":152}},"s":{"0":1,"1":1,"2":1,"3":9,"4":9,"5":9,"6":1,"7":8,"8":8,"9":0,"10":8,"11":8,"12":0,"13":8,"14":8,"15":8,"16":0,"17":8,"18":0,"19":8,"20":8,"21":8,"22":8,"23":0,"24":0,"25":0,"26":0,"27":0,"28":1,"29":20,"30":6,"31":0,"32":6,"33":0,"34":6,"35":1,"36":0,"37":0,"38":0,"39":0,"40":0,"41":0,"42":0,"43":0,"44":0,"45":0,"46":0,"47":0,"48":0,"49":0,"50":0,"51":0,"52":0,"53":0,"54":1},"f":{"0":9,"1":20,"2":6,"3":0},"b":{"0":[1,8],"1":[0,8],"2":[0,8],"3":[0,8],"4":[0,8],"5":[0,0],"6":[0,0],"7":[0,6],"8":[0,6],"9":[0,0],"10":[0,0],"11":[0,0],"12":[0,0],"13":[0,0]},"_coverageSchema":"1a1c01bbd47fc00a2c39e90264f33305004495a9","hash":"1cb14b2c5f753aaa7107cf562085a5e1edfd568f"}
,"/opt/sistema-sgs/backend/src/models/Consulta.js": {"path":"/opt/sistema-sgs/backend/src/models/Consulta.js","statementMap":{"0":{"start":{"line":1,"column":29},"end":{"line":1,"column":49}},"1":{"start":{"line":2,"column":18},"end":{"line":2,"column":47}},"2":{"start":{"line":6,"column":0},"end":{"line":61,"column":3}},"3":{"start":{"line":63,"column":0},"end":{"line":63,"column":26}}},"fnMap":{},"branchMap":{},"s":{"0":1,"1":1,"2":1,"3":1},"f":{},"b":{},"_coverageSchema":"1a1c01bbd47fc00a2c39e90264f33305004495a9","hash":"9b6f031f5380cbdcbca70ab8a0507e1d0e609649"}
,"/opt/sistema-sgs/backend/src/models/Exame.js": {"path":"/opt/sistema-sgs/backend/src/models/Exame.js","statementMap":{"0":{"start":{"line":1,"column":29},"end":{"line":1,"column":49}},"1":{"start":{"line":2,"column":18},"end":{"line":2,"column":47}},"2":{"start":{"line":6,"column":0},"end":{"line":61,"column":3}},"3":{"start":{"line":63,"column":0},"end":{"line":63,"column":23}}},"fnMap":{},"branchMap":{},"s":{"0":1,"1":1,"2":1,"3":1},"f":{},"b":{},"_coverageSchema":"1a1c01bbd47fc00a2c39e90264f33305004495a9","hash":"33941f4dca90dec3433bc51c651f3cc57b95deac"}
,"/opt/sistema-sgs/backend/src/models/Medico.js": {"path":"/opt/sistema-sgs/backend/src/models/Medico.js","statementMap":{"0":{"start":{"line":1,"column":29},"end":{"line":1,"column":49}},"1":{"start":{"line":2,"column":18},"end":{"line":2,"column":47}},"2":{"start":{"line":6,"column":0},"end":{"line":47,"column":3}},"3":{"start":{"line":49,"column":0},"end":{"line":49,"column":24}}},"fnMap":{},"branchMap":{},"s":{"0":1,"1":1,"2":1,"3":1},"f":{},"b":{},"_coverageSchema":"1a1c01bbd47fc00a2c39e90264f33305004495a9","hash":"5752316f94ac2bdc9ef247a822e1136d99339594"}
,"/opt/sistema-sgs/backend/src/models/Notificacao.js": {"path":"/opt/sistema-sgs/backend/src/models/Notificacao.js","statementMap":{"0":{"start":{"line":1,"column":29},"end":{"line":1,"column":49}},"1":{"start":{"line":2,"column":18},"end":{"line":2,"column":47}},"2":{"start":{"line":6,"column":0},"end":{"line":45,"column":3}},"3":{"start":{"line":47,"column":0},"end":{"line":47,"column":29}}},"fnMap":{},"branchMap":{},"s":{"0":1,"1":1,"2":1,"3":1},"f":{},"b":{},"_coverageSchema":"1a1c01bbd47fc00a2c39e90264f33305004495a9","hash":"d84fc4c3e104c8547e40a0c869723be88eb2c710"}
,"/opt/sistema-sgs/backend/src/models/Paciente.js": {"path":"/opt/sistema-sgs/backend/src/models/Paciente.js","statementMap":{"0":{"start":{"line":1,"column":29},"end":{"line":1,"column":49}},"1":{"start":{"line":2,"column":18},"end":{"line":2,"column":47}},"2":{"start":{"line":6,"column":0},"end":{"line":55,"column":3}},"3":{"start":{"line":57,"column":0},"end":{"line":57,"column":26}}},"fnMap":{},"branchMap":{},"s":{"0":1,"1":1,"2":1,"3":1},"f":{},"b":{},"_coverageSchema":"1a1c01bbd47fc00a2c39e90264f33305004495a9","hash":"0c8412c4e38e82dab9b156ac57d3194258b8a3b7"}
,"/opt/sistema-sgs/backend/src/models/Pessoa.js": {"path":"/opt/sistema-sgs/backend/src/models/Pessoa.js","statementMap":{"0":{"start":{"line":1,"column":29},"end":{"line":1,"column":49}},"1":{"start":{"line":2,"column":18},"end":{"line":2,"column":47}},"2":{"start":{"line":6,"column":0},"end":{"line":90,"column":3}},"3":{"start":{"line":92,"column":0},"end":{"line":92,"column":24}}},"fnMap":{},"branchMap":{},"s":{"0":1,"1":1,"2":1,"3":1},"f":{},"b":{},"_coverageSchema":"1a1c01bbd47fc00a2c39e90264f33305004495a9","hash":"0cb9aca930e48cb3f19556b5c73d60c13b97f4d8"}
,"/opt/sistema-sgs/backend/src/models/Prescricao.js": {"path":"/opt/sistema-sgs/backend/src/models/Prescricao.js","statementMap":{"0":{"start":{"line":1,"column":29},"end":{"line":1,"column":49}},"1":{"start":{"line":2,"column":18},"end":{"line":2,"column":47}},"2":{"start":{"line":6,"column":0},"end":{"line":49,"column":3}},"3":{"start":{"line":51,"column":0},"end":{"line":51,"column":28}}},"fnMap":{},"branchMap":{},"s":{"0":1,"1":1,"2":1,"3":1},"f":{},"b":{},"_coverageSchema":"1a1c01bbd47fc00a2c39e90264f33305004495a9","hash":"8d737c4e93bf0d56b62d153cbbfa94f60b10c9ef"}
,"/opt/sistema-sgs/backend/src/models/Prontuario.js": {"path":"/opt/sistema-sgs/backend/src/models/Prontuario.js","statementMap":{"0":{"start":{"line":1,"column":29},"end":{"line":1,"column":49}},"1":{"start":{"line":2,"column":18},"end":{"line":2,"column":47}},"2":{"start":{"line":6,"column":0},"end":{"line":69,"column":3}},"3":{"start":{"line":71,"column":0},"end":{"line":71,"column":28}}},"fnMap":{},"branchMap":{},"s":{"0":1,"1":1,"2":1,"3":1},"f":{},"b":{},"_coverageSchema":"1a1c01bbd47fc00a2c39e90264f33305004495a9","hash":"a0fde7ba92e3e282801bd66c11a3324984f17b20"}
,"/opt/sistema-sgs/backend/src/models/Usuario.js": {"path":"/opt/sistema-sgs/backend/src/models/Usuario.js","statementMap":{"0":{"start":{"line":1,"column":29},"end":{"line":1,"column":49}},"1":{"start":{"line":2,"column":15},"end":{"line":2,"column":34}},"2":{"start":{"line":3,"column":18},"end":{"line":3,"column":47}},"3":{"start":{"line":7,"column":4},"end":{"line":7,"column":51}},"4":{"start":{"line":11,"column":19},"end":{"line":11,"column":36}},"5":{"start":{"line":12,"column":4},"end":{"line":12,"column":24}},"6":{"start":{"line":13,"column":4},"end":{"line":13,"column":18}},"7":{"start":{"line":17,"column":0},"end":{"line":81,"column":3}},"8":{"start":{"line":71,"column":6},"end":{"line":73,"column":7}},"9":{"start":{"line":72,"column":8},"end":{"line":72,"column":61}},"10":{"start":{"line":76,"column":6},"end":{"line":78,"column":7}},"11":{"start":{"line":77,"column":8},"end":{"line":77,"column":61}},"12":{"start":{"line":83,"column":0},"end":{"line":83,"column":25}}},"fnMap":{"0":{"name":"(anonymous_0)","decl":{"start":{"line":6,"column":2},"end":{"line":6,"column":3}},"loc":{"start":{"line":6,"column":28},"end":{"line":8,"column":3}},"line":6},"1":{"name":"(anonymous_1)","decl":{"start":{"line":10,"column":2},"end":{"line":10,"column":3}},"loc":{"start":{"line":10,"column":11},"end":{"line":14,"column":3}},"line":10},"2":{"name":"(anonymous_2)","decl":{"start":{"line":70,"column":18},"end":{"line":70,"column":19}},"loc":{"start":{"line":70,"column":37},"end":{"line":74,"column":5}},"line":70},"3":{"name":"(anonymous_3)","decl":{"start":{"line":75,"column":18},"end":{"line":75,"column":19}},"loc":{"start":{"line":75,"column":37},"end":{"line":79,"column":5}},"line":75}},"branchMap":{"0":{"loc":{"start":{"line":71,"column":6},"end":{"line":73,"column":7}},"type":"if","locations":[{"start":{"line":71,"column":6},"end":{"line":73,"column":7}},{"start":{},"end":{}}],"line":71},"1":{"loc":{"start":{"line":76,"column":6},"end":{"line":78,"column":7}},"type":"if","locations":[{"start":{"line":76,"column":6},"end":{"line":78,"column":7}},{"start":{},"end":{}}],"line":76}},"s":{"0":1,"1":1,"2":1,"3":4,"4":4,"5":4,"6":4,"7":1,"8":0,"9":0,"10":4,"11":0,"12":1},"f":{"0":4,"1":4,"2":0,"3":4},"b":{"0":[0,0],"1":[0,4]},"_coverageSchema":"1a1c01bbd47fc00a2c39e90264f33305004495a9","hash":"92331b4b8c32d279ba90a6c64148e62ecabfa200"}
,"/opt/sistema-sgs/backend/src/models/index.js": {"path":"/opt/sistema-sgs/backend/src/models/index.js","statementMap":{"0":{"start":{"line":1,"column":18},"end":{"line":1,"column":47}},"1":{"start":{"line":2,"column":15},"end":{"line":2,"column":34}},"2":{"start":{"line":3,"column":16},"end":{"line":3,"column":36}},"3":{"start":{"line":4,"column":17},"end":{"line":4,"column":38}},"4":{"start":{"line":5,"column":15},"end":{"line":5,"column":34}},"5":{"start":{"line":6,"column":17},"end":{"line":6,"column":38}},"6":{"start":{"line":7,"column":19},"end":{"line":7,"column":42}},"7":{"start":{"line":8,"column":19},"end":{"line":8,"column":42}},"8":{"start":{"line":9,"column":14},"end":{"line":9,"column":32}},"9":{"start":{"line":10,"column":20},"end":{"line":10,"column":44}},"10":{"start":{"line":13,"column":0},"end":{"line":13,"column":67}},"11":{"start":{"line":14,"column":0},"end":{"line":14,"column":69}},"12":{"start":{"line":16,"column":0},"end":{"line":16,"column":69}},"13":{"start":{"line":17,"column":0},"end":{"line":17,"column":70}},"14":{"start":{"line":19,"column":0},"end":{"line":19,"column":65}},"15":{"start":{"line":20,"column":0},"end":{"line":20,"column":68}},"16":{"start":{"line":22,"column":0},"end":{"line":22,"column":75}},"17":{"start":{"line":23,"column":0},"end":{"line":23,"column":76}},"18":{"start":{"line":25,"column":0},"end":{"line":25,"column":71}},"19":{"start":{"line":26,"column":0},"end":{"line":26,"column":70}},"20":{"start":{"line":28,"column":0},"end":{"line":28,"column":77}},"21":{"start":{"line":29,"column":0},"end":{"line":29,"column":78}},"22":{"start":{"line":31,"column":0},"end":{"line":31,"column":79}},"23":{"start":{"line":32,"column":0},"end":{"line":32,"column":78}},"24":{"start":{"line":34,"column":0},"end":{"line":34,"column":75}},"25":{"start":{"line":35,"column":0},"end":{"line":35,"column":72}},"26":{"start":{"line":37,"column":0},"end":{"line":37,"column":83}},"27":{"start":{"line":38,"column":0},"end":{"line":38,"column":84}},"28":{"start":{"line":40,"column":0},"end":{"line":40,"column":69}},"29":{"start":{"line":41,"column":0},"end":{"line":41,"column":73}},"30":{"start":{"line":43,"column":0},"end":{"line":43,"column":89}},"31":{"start":{"line":44,"column":0},"end":{"line":44,"column":91}},"32":{"start":{"line":46,"column":0},"end":{"line":46,"column":79}},"33":{"start":{"line":47,"column":0},"end":{"line":47,"column":76}},"34":{"start":{"line":49,"column":0},"end":{"line":60,"column":2}}},"fnMap":{},"branchMap":{},"s":{"0":1,"1":1,"2":1,"3":1,"4":1,"5":1,"6":1,"7":1,"8":1,"9":1,"10":1,"11":1,"12":1,"13":1,"14":1,"15":1,"16":1,"17":1,"18":1,"19":1,"20":1,"21":1,"22":1,"23":1,"24":1,"25":1,"26":1,"27":1,"28":1,"29":1,"30":1,"31":1,"32":1,"33":1,"34":1},"f":{},"b":{},"_coverageSchema":"1a1c01bbd47fc00a2c39e90264f33305004495a9","hash":"41442258ebbf69a4e9746b7ff2a4479c425a8b0f"}
,"/opt/sistema-sgs/backend/src/routes/authRoutes.js": {"path":"/opt/sistema-sgs/backend/src/routes/authRoutes.js","statementMap":{"0":{"start":{"line":1,"column":16},"end":{"line":1,"column":34}},"1":{"start":{"line":2,"column":15},"end":{"line":2,"column":31}},"2":{"start":{"line":3,"column":23},"end":{"line":3,"column":63}},"3":{"start":{"line":4,"column":17},"end":{"line":4,"column":47}},"4":{"start":{"line":11,"column":0},"end":{"line":11,"column":44}},"5":{"start":{"line":18,"column":0},"end":{"line":18,"column":43}},"6":{"start":{"line":25,"column":0},"end":{"line":25,"column":68}},"7":{"start":{"line":32,"column":0},"end":{"line":32,"column":52}},"8":{"start":{"line":39,"column":0},"end":{"line":39,"column":56}},"9":{"start":{"line":41,"column":0},"end":{"line":41,"column":24}}},"fnMap":{},"branchMap":{},"s":{"0":1,"1":1,"2":1,"3":1,"4":1,"5":1,"6":1,"7":1,"8":1,"9":1},"f":{},"b":{},"_coverageSchema":"1a1c01bbd47fc00a2c39e90264f33305004495a9","hash":"2f7c9bd7601c5bd24b4c7d8cf3ba1fcedc70840f"}
,"/opt/sistema-sgs/backend/src/routes/consultaRoutes.js": {"path":"/opt/sistema-sgs/backend/src/routes/consultaRoutes.js","statementMap":{"0":{"start":{"line":1,"column":16},"end":{"line":1,"column":34}},"1":{"start":{"line":2,"column":15},"end":{"line":2,"column":31}},"2":{"start":{"line":3,"column":27},"end":{"line":3,"column":71}},"3":{"start":{"line":4,"column":28},"end":{"line":4,"column":58}},"4":{"start":{"line":6,"column":0},"end":{"line":6,"column":48}},"5":{"start":{"line":7,"column":0},"end":{"line":7,"column":104}},"6":{"start":{"line":8,"column":0},"end":{"line":8,"column":107}},"7":{"start":{"line":9,"column":0},"end":{"line":9,"column":130}},"8":{"start":{"line":11,"column":0},"end":{"line":11,"column":24}}},"fnMap":{},"branchMap":{},"s":{"0":1,"1":1,"2":1,"3":1,"4":1,"5":1,"6":1,"7":1,"8":1},"f":{},"b":{},"_coverageSchema":"1a1c01bbd47fc00a2c39e90264f33305004495a9","hash":"ac1b67302d359b4a9f1e676f5fc5e43581e6fa55"}
,"/opt/sistema-sgs/backend/src/routes/exameRoutes.js": {"path":"/opt/sistema-sgs/backend/src/routes/exameRoutes.js","statementMap":{"0":{"start":{"line":1,"column":16},"end":{"line":1,"column":34}},"1":{"start":{"line":2,"column":15},"end":{"line":2,"column":31}},"2":{"start":{"line":3,"column":44},"end":{"line":3,"column":64}},"3":{"start":{"line":4,"column":28},"end":{"line":4,"column":58}},"4":{"start":{"line":7,"column":0},"end":{"line":48,"column":3}},"5":{"start":{"line":8,"column":2},"end":{"line":47,"column":3}},"6":{"start":{"line":9,"column":69},"end":{"line":9,"column":78}},"7":{"start":{"line":10,"column":19},"end":{"line":10,"column":37}},"8":{"start":{"line":11,"column":18},"end":{"line":11,"column":20}},"9":{"start":{"line":13,"column":4},"end":{"line":13,"column":53}},"10":{"start":{"line":13,"column":21},"end":{"line":13,"column":53}},"11":{"start":{"line":14,"column":4},"end":{"line":14,"column":59}},"12":{"start":{"line":14,"column":19},"end":{"line":14,"column":59}},"13":{"start":{"line":15,"column":4},"end":{"line":15,"column":38}},"14":{"start":{"line":15,"column":16},"end":{"line":15,"column":38}},"15":{"start":{"line":17,"column":36},"end":{"line":34,"column":6}},"16":{"start":{"line":36,"column":4},"end":{"line":44,"column":7}},"17":{"start":{"line":46,"column":4},"end":{"line":46,"column":58}},"18":{"start":{"line":51,"column":0},"end":{"line":76,"column":3}},"19":{"start":{"line":52,"column":2},"end":{"line":75,"column":3}},"20":{"start":{"line":53,"column":18},"end":{"line":66,"column":6}},"21":{"start":{"line":68,"column":4},"end":{"line":70,"column":5}},"22":{"start":{"line":69,"column":6},"end":{"line":69,"column":69}},"23":{"start":{"line":72,"column":4},"end":{"line":72,"column":31}},"24":{"start":{"line":74,"column":4},"end":{"line":74,"column":58}},"25":{"start":{"line":79,"column":0},"end":{"line":123,"column":3}},"26":{"start":{"line":80,"column":2},"end":{"line":122,"column":3}},"27":{"start":{"line":84,"column":8},"end":{"line":84,"column":16}},"28":{"start":{"line":86,"column":4},"end":{"line":90,"column":5}},"29":{"start":{"line":87,"column":6},"end":{"line":89,"column":9}},"30":{"start":{"line":92,"column":18},"end":{"line":99,"column":6}},"31":{"start":{"line":101,"column":24},"end":{"line":114,"column":6}},"32":{"start":{"line":116,"column":4},"end":{"line":119,"column":7}},"33":{"start":{"line":121,"column":4},"end":{"line":121,"column":58}},"34":{"start":{"line":126,"column":0},"end":{"line":158,"column":3}},"35":{"start":{"line":127,"column":2},"end":{"line":157,"column":3}},"36":{"start":{"line":128,"column":18},"end":{"line":128,"column":53}},"37":{"start":{"line":130,"column":4},"end":{"line":132,"column":5}},"38":{"start":{"line":131,"column":6},"end":{"line":131,"column":69}},"39":{"start":{"line":134,"column":4},"end":{"line":134,"column":33}},"40":{"start":{"line":136,"column":28},"end":{"line":149,"column":6}},"41":{"start":{"line":151,"column":4},"end":{"line":154,"column":7}},"42":{"start":{"line":156,"column":4},"end":{"line":156,"column":58}},"43":{"start":{"line":161,"column":0},"end":{"line":185,"column":3}},"44":{"start":{"line":162,"column":2},"end":{"line":184,"column":3}},"45":{"start":{"line":163,"column":45},"end":{"line":163,"column":53}},"46":{"start":{"line":165,"column":18},"end":{"line":165,"column":53}},"47":{"start":{"line":167,"column":4},"end":{"line":169,"column":5}},"48":{"start":{"line":168,"column":6},"end":{"line":168,"column":69}},"49":{"start":{"line":171,"column":4},"end":{"line":176,"column":7}},"50":{"start":{"line":178,"column":4},"end":{"line":181,"column":7}},"51":{"start":{"line":183,"column":4},"end":{"line":183,"column":58}},"52":{"start":{"line":188,"column":0},"end":{"line":206,"column":3}},"53":{"start":{"line":189,"column":2},"end":{"line":205,"column":3}},"54":{"start":{"line":190,"column":19},"end":{"line":200,"column":6}},"55":{"start":{"line":202,"column":4},"end":{"line":202,"column":32}},"56":{"start":{"line":204,"column":4},"end":{"line":204,"column":58}},"57":{"start":{"line":208,"column":0},"end":{"line":208,"column":24}}},"fnMap":{"0":{"name":"(anonymous_0)","decl":{"start":{"line":7,"column":22},"end":{"line":7,"column":23}},"loc":{"start":{"line":7,"column":42},"end":{"line":48,"column":1}},"line":7},"1":{"name":"(anonymous_1)","decl":{"start":{"line":51,"column":25},"end":{"line":51,"column":26}},"loc":{"start":{"line":51,"column":45},"end":{"line":76,"column":1}},"line":51},"2":{"name":"(anonymous_2)","decl":{"start":{"line":79,"column":61},"end":{"line":79,"column":62}},"loc":{"start":{"line":79,"column":81},"end":{"line":123,"column":1}},"line":79},"3":{"name":"(anonymous_3)","decl":{"start":{"line":126,"column":63},"end":{"line":126,"column":64}},"loc":{"start":{"line":126,"column":83},"end":{"line":158,"column":1}},"line":126},"4":{"name":"(anonymous_4)","decl":{"start":{"line":161,"column":73},"end":{"line":161,"column":74}},"loc":{"start":{"line":161,"column":93},"end":{"line":185,"column":1}},"line":161},"5":{"name":"(anonymous_5)","decl":{"start":{"line":188,"column":43},"end":{"line":188,"column":44}},"loc":{"start":{"line":188,"column":63},"end":{"line":206,"column":1}},"line":188}},"branchMap":{"0":{"loc":{"start":{"line":9,"column":12},"end":{"line":9,"column":20}},"type":"default-arg","locations":[{"start":{"line":9,"column":19},"end":{"line":9,"column":20}}],"line":9},"1":{"loc":{"start":{"line":9,"column":22},"end":{"line":9,"column":32}},"type":"default-arg","locations":[{"start":{"line":9,"column":30},"end":{"line":9,"column":32}}],"line":9},"2":{"loc":{"start":{"line":13,"column":4},"end":{"line":13,"column":53}},"type":"if","locations":[{"start":{"line":13,"column":4},"end":{"line":13,"column":53}},{"start":{},"end":{}}],"line":13},"3":{"loc":{"start":{"line":14,"column":4},"end":{"line":14,"column":59}},"type":"if","locations":[{"start":{"line":14,"column":4},"end":{"line":14,"column":59}},{"start":{},"end":{}}],"line":14},"4":{"loc":{"start":{"line":15,"column":4},"end":{"line":15,"column":38}},"type":"if","locations":[{"start":{"line":15,"column":4},"end":{"line":15,"column":38}},{"start":{},"end":{}}],"line":15},"5":{"loc":{"start":{"line":68,"column":4},"end":{"line":70,"column":5}},"type":"if","locations":[{"start":{"line":68,"column":4},"end":{"line":70,"column":5}},{"start":{},"end":{}}],"line":68},"6":{"loc":{"start":{"line":86,"column":4},"end":{"line":90,"column":5}},"type":"if","locations":[{"start":{"line":86,"column":4},"end":{"line":90,"column":5}},{"start":{},"end":{}}],"line":86},"7":{"loc":{"start":{"line":86,"column":8},"end":{"line":86,"column":61}},"type":"binary-expr","locations":[{"start":{"line":86,"column":8},"end":{"line":86,"column":20}},{"start":{"line":86,"column":24},"end":{"line":86,"column":46}},{"start":{"line":86,"column":50},"end":{"line":86,"column":61}}],"line":86},"8":{"loc":{"start":{"line":130,"column":4},"end":{"line":132,"column":5}},"type":"if","locations":[{"start":{"line":130,"column":4},"end":{"line":132,"column":5}},{"start":{},"end":{}}],"line":130},"9":{"loc":{"start":{"line":167,"column":4},"end":{"line":169,"column":5}},"type":"if","locations":[{"start":{"line":167,"column":4},"end":{"line":169,"column":5}},{"start":{},"end":{}}],"line":167}},"s":{"0":1,"1":1,"2":1,"3":1,"4":1,"5":0,"6":0,"7":0,"8":0,"9":0,"10":0,"11":0,"12":0,"13":0,"14":0,"15":0,"16":0,"17":0,"18":1,"19":0,"20":0,"21":0,"22":0,"23":0,"24":0,"25":1,"26":0,"27":0,"28":0,"29":0,"30":0,"31":0,"32":0,"33":0,"34":1,"35":0,"36":0,"37":0,"38":0,"39":0,"40":0,"41":0,"42":0,"43":1,"44":0,"45":0,"46":0,"47":0,"48":0,"49":0,"50":0,"51":0,"52":1,"53":0,"54":0,"55":0,"56":0,"57":1},"f":{"0":0,"1":0,"2":0,"3":0,"4":0,"5":0},"b":{"0":[0],"1":[0],"2":[0,0],"3":[0,0],"4":[0,0],"5":[0,0],"6":[0,0],"7":[0,0,0],"8":[0,0],"9":[0,0]},"_coverageSchema":"1a1c01bbd47fc00a2c39e90264f33305004495a9","hash":"b29aa80dc61a6a2d0fff35361261d0f520f31639"}
,"/opt/sistema-sgs/backend/src/routes/integration.test.js": {"path":"/opt/sistema-sgs/backend/src/routes/integration.test.js","statementMap":{"0":{"start":{"line":5,"column":16},"end":{"line":5,"column":36}},"1":{"start":{"line":6,"column":12},"end":{"line":6,"column":35}},"2":{"start":{"line":7,"column":22},"end":{"line":7,"column":42}},"3":{"start":{"line":12,"column":0},"end":{"line":185,"column":3}},"4":{"start":{"line":14,"column":2},"end":{"line":17,"column":5}},"5":{"start":{"line":15,"column":4},"end":{"line":15,"column":35}},"6":{"start":{"line":16,"column":4},"end":{"line":16,"column":54}},"7":{"start":{"line":19,"column":2},"end":{"line":21,"column":5}},"8":{"start":{"line":20,"column":4},"end":{"line":20,"column":28}},"9":{"start":{"line":27,"column":2},"end":{"line":83,"column":5}},"10":{"start":{"line":29,"column":4},"end":{"line":42,"column":7}},"11":{"start":{"line":30,"column":18},"end":{"line":35,"column":10}},"12":{"start":{"line":37,"column":6},"end":{"line":37,"column":39}},"13":{"start":{"line":38,"column":6},"end":{"line":38,"column":47}},"14":{"start":{"line":39,"column":6},"end":{"line":39,"column":60}},"15":{"start":{"line":41,"column":6},"end":{"line":41,"column":34}},"16":{"start":{"line":44,"column":4},"end":{"line":54,"column":7}},"17":{"start":{"line":45,"column":18},"end":{"line":50,"column":10}},"18":{"start":{"line":52,"column":6},"end":{"line":52,"column":39}},"19":{"start":{"line":53,"column":6},"end":{"line":53,"column":35}},"20":{"start":{"line":56,"column":4},"end":{"line":65,"column":7}},"21":{"start":{"line":57,"column":18},"end":{"line":62,"column":10}},"22":{"start":{"line":64,"column":6},"end":{"line":64,"column":39}},"23":{"start":{"line":67,"column":4},"end":{"line":74,"column":7}},"24":{"start":{"line":68,"column":18},"end":{"line":70,"column":53}},"25":{"start":{"line":72,"column":6},"end":{"line":72,"column":39}},"26":{"start":{"line":73,"column":6},"end":{"line":73,"column":60}},"27":{"start":{"line":76,"column":4},"end":{"line":81,"column":7}},"28":{"start":{"line":77,"column":18},"end":{"line":78,"column":28}},"29":{"start":{"line":80,"column":6},"end":{"line":80,"column":39}},"30":{"start":{"line":89,"column":2},"end":{"line":137,"column":5}},"31":{"start":{"line":91,"column":4},"end":{"line":99,"column":7}},"32":{"start":{"line":92,"column":18},"end":{"line":94,"column":53}},"33":{"start":{"line":96,"column":6},"end":{"line":96,"column":39}},"34":{"start":{"line":97,"column":6},"end":{"line":97,"column":51}},"35":{"start":{"line":98,"column":6},"end":{"line":98,"column":59}},"36":{"start":{"line":101,"column":4},"end":{"line":119,"column":7}},"37":{"start":{"line":102,"column":18},"end":{"line":113,"column":10}},"38":{"start":{"line":115,"column":6},"end":{"line":115,"column":39}},"39":{"start":{"line":116,"column":6},"end":{"line":116,"column":50}},"40":{"start":{"line":118,"column":6},"end":{"line":118,"column":40}},"41":{"start":{"line":121,"column":4},"end":{"line":135,"column":7}},"42":{"start":{"line":122,"column":18},"end":{"line":132,"column":10}},"43":{"start":{"line":134,"column":6},"end":{"line":134,"column":39}},"44":{"start":{"line":143,"column":2},"end":{"line":175,"column":5}},"45":{"start":{"line":145,"column":4},"end":{"line":152,"column":7}},"46":{"start":{"line":146,"column":18},"end":{"line":148,"column":53}},"47":{"start":{"line":150,"column":6},"end":{"line":150,"column":39}},"48":{"start":{"line":151,"column":6},"end":{"line":151,"column":51}},"49":{"start":{"line":154,"column":4},"end":{"line":173,"column":7}},"50":{"start":{"line":155,"column":23},"end":{"line":155,"column":33}},"51":{"start":{"line":156,"column":6},"end":{"line":156,"column":47}},"52":{"start":{"line":157,"column":6},"end":{"line":157,"column":37}},"53":{"start":{"line":159,"column":18},"end":{"line":167,"column":10}},"54":{"start":{"line":169,"column":6},"end":{"line":169,"column":39}},"55":{"start":{"line":170,"column":6},"end":{"line":170,"column":56}},"56":{"start":{"line":172,"column":6},"end":{"line":172,"column":40}},"57":{"start":{"line":181,"column":2},"end":{"line":183,"column":5}},"58":{"start":{"line":182,"column":4},"end":{"line":182,"column":52}}},"fnMap":{"0":{"name":"(anonymous_0)","decl":{"start":{"line":12,"column":35},"end":{"line":12,"column":36}},"loc":{"start":{"line":12,"column":41},"end":{"line":185,"column":1}},"line":12},"1":{"name":"(anonymous_1)","decl":{"start":{"line":14,"column":12},"end":{"line":14,"column":13}},"loc":{"start":{"line":14,"column":24},"end":{"line":17,"column":3}},"line":14},"2":{"name":"(anonymous_2)","decl":{"start":{"line":19,"column":11},"end":{"line":19,"column":12}},"loc":{"start":{"line":19,"column":23},"end":{"line":21,"column":3}},"line":19},"3":{"name":"(anonymous_3)","decl":{"start":{"line":27,"column":30},"end":{"line":27,"column":31}},"loc":{"start":{"line":27,"column":36},"end":{"line":83,"column":3}},"line":27},"4":{"name":"(anonymous_4)","decl":{"start":{"line":29,"column":48},"end":{"line":29,"column":49}},"loc":{"start":{"line":29,"column":60},"end":{"line":42,"column":5}},"line":29},"5":{"name":"(anonymous_5)","decl":{"start":{"line":44,"column":41},"end":{"line":44,"column":42}},"loc":{"start":{"line":44,"column":53},"end":{"line":54,"column":5}},"line":44},"6":{"name":"(anonymous_6)","decl":{"start":{"line":56,"column":56},"end":{"line":56,"column":57}},"loc":{"start":{"line":56,"column":68},"end":{"line":65,"column":5}},"line":56},"7":{"name":"(anonymous_7)","decl":{"start":{"line":67,"column":50},"end":{"line":67,"column":51}},"loc":{"start":{"line":67,"column":62},"end":{"line":74,"column":5}},"line":67},"8":{"name":"(anonymous_8)","decl":{"start":{"line":76,"column":43},"end":{"line":76,"column":44}},"loc":{"start":{"line":76,"column":55},"end":{"line":81,"column":5}},"line":76},"9":{"name":"(anonymous_9)","decl":{"start":{"line":89,"column":37},"end":{"line":89,"column":38}},"loc":{"start":{"line":89,"column":43},"end":{"line":137,"column":3}},"line":89},"10":{"name":"(anonymous_10)","decl":{"start":{"line":91,"column":34},"end":{"line":91,"column":35}},"loc":{"start":{"line":91,"column":46},"end":{"line":99,"column":5}},"line":91},"11":{"name":"(anonymous_11)","decl":{"start":{"line":101,"column":37},"end":{"line":101,"column":38}},"loc":{"start":{"line":101,"column":49},"end":{"line":119,"column":5}},"line":101},"12":{"name":"(anonymous_12)","decl":{"start":{"line":121,"column":54},"end":{"line":121,"column":55}},"loc":{"start":{"line":121,"column":66},"end":{"line":135,"column":5}},"line":121},"13":{"name":"(anonymous_13)","decl":{"start":{"line":143,"column":37},"end":{"line":143,"column":38}},"loc":{"start":{"line":143,"column":43},"end":{"line":175,"column":3}},"line":143},"14":{"name":"(anonymous_14)","decl":{"start":{"line":145,"column":34},"end":{"line":145,"column":35}},"loc":{"start":{"line":145,"column":46},"end":{"line":152,"column":5}},"line":145},"15":{"name":"(anonymous_15)","decl":{"start":{"line":154,"column":39},"end":{"line":154,"column":40}},"loc":{"start":{"line":154,"column":51},"end":{"line":173,"column":5}},"line":154},"16":{"name":"(anonymous_16)","decl":{"start":{"line":181,"column":11},"end":{"line":181,"column":12}},"loc":{"start":{"line":181,"column":17},"end":{"line":183,"column":3}},"line":181}},"branchMap":{"0":{"loc":{"start":{"line":163,"column":23},"end":{"line":163,"column":38}},"type":"binary-expr","locations":[{"start":{"line":163,"column":23},"end":{"line":163,"column":33}},{"start":{"line":163,"column":37},"end":{"line":163,"column":38}}],"line":163}},"s":{"0":0,"1":0,"2":0,"3":0,"4":0,"5":0,"6":0,"7":0,"8":0,"9":0,"10":0,"11":0,"12":0,"13":0,"14":0,"15":0,"16":0,"17":0,"18":0,"19":0,"20":0,"21":0,"22":0,"23":0,"24":0,"25":0,"26":0,"27":0,"28":0,"29":0,"30":0,"31":0,"32":0,"33":0,"34":0,"35":0,"36":0,"37":0,"38":0,"39":0,"40":0,"41":0,"42":0,"43":0,"44":0,"45":0,"46":0,"47":0,"48":0,"49":0,"50":0,"51":0,"52":0,"53":0,"54":0,"55":0,"56":0,"57":0,"58":0},"f":{"0":0,"1":0,"2":0,"3":0,"4":0,"5":0,"6":0,"7":0,"8":0,"9":0,"10":0,"11":0,"12":0,"13":0,"14":0,"15":0,"16":0},"b":{"0":[0,0]}}
,"/opt/sistema-sgs/backend/src/routes/medicoRoutes.js": {"path":"/opt/sistema-sgs/backend/src/routes/medicoRoutes.js","statementMap":{"0":{"start":{"line":1,"column":16},"end":{"line":1,"column":34}},"1":{"start":{"line":2,"column":15},"end":{"line":2,"column":31}},"2":{"start":{"line":3,"column":46},"end":{"line":3,"column":66}},"3":{"start":{"line":4,"column":15},"end":{"line":4,"column":35}},"4":{"start":{"line":5,"column":28},"end":{"line":5,"column":58}},"5":{"start":{"line":8,"column":0},"end":{"line":44,"column":3}},"6":{"start":{"line":9,"column":2},"end":{"line":43,"column":3}},"7":{"start":{"line":10,"column":70},"end":{"line":10,"column":79}},"8":{"start":{"line":11,"column":19},"end":{"line":11,"column":37}},"9":{"start":{"line":12,"column":18},"end":{"line":12,"column":20}},"10":{"start":{"line":14,"column":4},"end":{"line":19,"column":5}},"11":{"start":{"line":15,"column":6},"end":{"line":18,"column":8}},"12":{"start":{"line":21,"column":4},"end":{"line":21,"column":81}},"13":{"start":{"line":21,"column":23},"end":{"line":21,"column":81}},"14":{"start":{"line":23,"column":37},"end":{"line":30,"column":6}},"15":{"start":{"line":32,"column":4},"end":{"line":40,"column":7}},"16":{"start":{"line":42,"column":4},"end":{"line":42,"column":58}},"17":{"start":{"line":47,"column":0},"end":{"line":61,"column":3}},"18":{"start":{"line":48,"column":2},"end":{"line":60,"column":3}},"19":{"start":{"line":49,"column":19},"end":{"line":51,"column":6}},"20":{"start":{"line":53,"column":4},"end":{"line":55,"column":5}},"21":{"start":{"line":54,"column":6},"end":{"line":54,"column":70}},"22":{"start":{"line":57,"column":4},"end":{"line":57,"column":32}},"23":{"start":{"line":59,"column":4},"end":{"line":59,"column":58}},"24":{"start":{"line":64,"column":0},"end":{"line":101,"column":3}},"25":{"start":{"line":65,"column":2},"end":{"line":100,"column":3}},"26":{"start":{"line":66,"column":86},"end":{"line":66,"column":94}},"27":{"start":{"line":68,"column":4},"end":{"line":70,"column":5}},"28":{"start":{"line":69,"column":6},"end":{"line":69,"column":66}},"29":{"start":{"line":72,"column":19},"end":{"line":78,"column":6}},"30":{"start":{"line":80,"column":19},"end":{"line":83,"column":6}},"31":{"start":{"line":85,"column":4},"end":{"line":91,"column":5}},"32":{"start":{"line":86,"column":6},"end":{"line":90,"column":9}},"33":{"start":{"line":93,"column":25},"end":{"line":95,"column":6}},"34":{"start":{"line":97,"column":4},"end":{"line":97,"column":84}},"35":{"start":{"line":99,"column":4},"end":{"line":99,"column":58}},"36":{"start":{"line":104,"column":0},"end":{"line":121,"column":3}},"37":{"start":{"line":105,"column":2},"end":{"line":120,"column":3}},"38":{"start":{"line":106,"column":19},"end":{"line":108,"column":6}},"39":{"start":{"line":110,"column":4},"end":{"line":112,"column":5}},"40":{"start":{"line":111,"column":6},"end":{"line":111,"column":70}},"41":{"start":{"line":114,"column":4},"end":{"line":114,"column":69}},"42":{"start":{"line":114,"column":25},"end":{"line":114,"column":69}},"43":{"start":{"line":115,"column":4},"end":{"line":115,"column":34}},"44":{"start":{"line":117,"column":4},"end":{"line":117,"column":62}},"45":{"start":{"line":119,"column":4},"end":{"line":119,"column":58}},"46":{"start":{"line":124,"column":0},"end":{"line":139,"column":3}},"47":{"start":{"line":125,"column":2},"end":{"line":138,"column":3}},"48":{"start":{"line":126,"column":19},"end":{"line":128,"column":6}},"49":{"start":{"line":130,"column":4},"end":{"line":132,"column":5}},"50":{"start":{"line":131,"column":6},"end":{"line":131,"column":70}},"51":{"start":{"line":134,"column":4},"end":{"line":134,"column":49}},"52":{"start":{"line":135,"column":4},"end":{"line":135,"column":54}},"53":{"start":{"line":137,"column":4},"end":{"line":137,"column":58}},"54":{"start":{"line":142,"column":0},"end":{"line":161,"column":3}},"55":{"start":{"line":143,"column":2},"end":{"line":160,"column":3}},"56":{"start":{"line":144,"column":18},"end":{"line":144,"column":46}},"57":{"start":{"line":146,"column":4},"end":{"line":150,"column":5}},"58":{"start":{"line":147,"column":6},"end":{"line":149,"column":8}},"59":{"start":{"line":152,"column":22},"end":{"line":155,"column":6}},"60":{"start":{"line":157,"column":4},"end":{"line":157,"column":35}},"61":{"start":{"line":159,"column":4},"end":{"line":159,"column":58}},"62":{"start":{"line":163,"column":0},"end":{"line":163,"column":24}}},"fnMap":{"0":{"name":"(anonymous_0)","decl":{"start":{"line":8,"column":22},"end":{"line":8,"column":23}},"loc":{"start":{"line":8,"column":42},"end":{"line":44,"column":1}},"line":8},"1":{"name":"(anonymous_1)","decl":{"start":{"line":47,"column":25},"end":{"line":47,"column":26}},"loc":{"start":{"line":47,"column":45},"end":{"line":61,"column":1}},"line":47},"2":{"name":"(anonymous_2)","decl":{"start":{"line":64,"column":51},"end":{"line":64,"column":52}},"loc":{"start":{"line":64,"column":71},"end":{"line":101,"column":1}},"line":64},"3":{"name":"(anonymous_3)","decl":{"start":{"line":104,"column":53},"end":{"line":104,"column":54}},"loc":{"start":{"line":104,"column":73},"end":{"line":121,"column":1}},"line":104},"4":{"name":"(anonymous_4)","decl":{"start":{"line":124,"column":56},"end":{"line":124,"column":57}},"loc":{"start":{"line":124,"column":76},"end":{"line":139,"column":1}},"line":124},"5":{"name":"(anonymous_5)","decl":{"start":{"line":142,"column":32},"end":{"line":142,"column":33}},"loc":{"start":{"line":142,"column":52},"end":{"line":161,"column":1}},"line":142}},"branchMap":{"0":{"loc":{"start":{"line":10,"column":12},"end":{"line":10,"column":20}},"type":"default-arg","locations":[{"start":{"line":10,"column":19},"end":{"line":10,"column":20}}],"line":10},"1":{"loc":{"start":{"line":10,"column":22},"end":{"line":10,"column":32}},"type":"default-arg","locations":[{"start":{"line":10,"column":30},"end":{"line":10,"column":32}}],"line":10},"2":{"loc":{"start":{"line":10,"column":34},"end":{"line":10,"column":45}},"type":"default-arg","locations":[{"start":{"line":10,"column":43},"end":{"line":10,"column":45}}],"line":10},"3":{"loc":{"start":{"line":10,"column":47},"end":{"line":10,"column":65}},"type":"default-arg","locations":[{"start":{"line":10,"column":63},"end":{"line":10,"column":65}}],"line":10},"4":{"loc":{"start":{"line":14,"column":4},"end":{"line":19,"column":5}},"type":"if","locations":[{"start":{"line":14,"column":4},"end":{"line":19,"column":5}},{"start":{},"end":{}}],"line":14},"5":{"loc":{"start":{"line":21,"column":4},"end":{"line":21,"column":81}},"type":"if","locations":[{"start":{"line":21,"column":4},"end":{"line":21,"column":81}},{"start":{},"end":{}}],"line":21},"6":{"loc":{"start":{"line":53,"column":4},"end":{"line":55,"column":5}},"type":"if","locations":[{"start":{"line":53,"column":4},"end":{"line":55,"column":5}},{"start":{},"end":{}}],"line":53},"7":{"loc":{"start":{"line":68,"column":4},"end":{"line":70,"column":5}},"type":"if","locations":[{"start":{"line":68,"column":4},"end":{"line":70,"column":5}},{"start":{},"end":{}}],"line":68},"8":{"loc":{"start":{"line":68,"column":8},"end":{"line":68,"column":66}},"type":"binary-expr","locations":[{"start":{"line":68,"column":8},"end":{"line":68,"column":12}},{"start":{"line":68,"column":16},"end":{"line":68,"column":30}},{"start":{"line":68,"column":34},"end":{"line":68,"column":40}},{"start":{"line":68,"column":44},"end":{"line":68,"column":48}},{"start":{"line":68,"column":52},"end":{"line":68,"column":66}}],"line":68},"9":{"loc":{"start":{"line":74,"column":23},"end":{"line":74,"column":63}},"type":"binary-expr","locations":[{"start":{"line":74,"column":23},"end":{"line":74,"column":47}},{"start":{"line":74,"column":51},"end":{"line":74,"column":63}}],"line":74},"10":{"loc":{"start":{"line":75,"column":12},"end":{"line":75,"column":32}},"type":"binary-expr","locations":[{"start":{"line":75,"column":12},"end":{"line":75,"column":25}},{"start":{"line":75,"column":29},"end":{"line":75,"column":32}}],"line":75},"11":{"loc":{"start":{"line":76,"column":16},"end":{"line":76,"column":49}},"type":"binary-expr","locations":[{"start":{"line":76,"column":16},"end":{"line":76,"column":33}},{"start":{"line":76,"column":37},"end":{"line":76,"column":49}}],"line":76},"12":{"loc":{"start":{"line":85,"column":4},"end":{"line":91,"column":5}},"type":"if","locations":[{"start":{"line":85,"column":4},"end":{"line":91,"column":5}},{"start":{},"end":{}}],"line":85},"13":{"loc":{"start":{"line":88,"column":22},"end":{"line":88,"column":51}},"type":"binary-expr","locations":[{"start":{"line":88,"column":22},"end":{"line":88,"column":36}},{"start":{"line":88,"column":40},"end":{"line":88,"column":51}}],"line":88},"14":{"loc":{"start":{"line":110,"column":4},"end":{"line":112,"column":5}},"type":"if","locations":[{"start":{"line":110,"column":4},"end":{"line":112,"column":5}},{"start":{},"end":{}}],"line":110},"15":{"loc":{"start":{"line":114,"column":4},"end":{"line":114,"column":69}},"type":"if","locations":[{"start":{"line":114,"column":4},"end":{"line":114,"column":69}},{"start":{},"end":{}}],"line":114},"16":{"loc":{"start":{"line":130,"column":4},"end":{"line":132,"column":5}},"type":"if","locations":[{"start":{"line":130,"column":4},"end":{"line":132,"column":5}},{"start":{},"end":{}}],"line":130},"17":{"loc":{"start":{"line":146,"column":4},"end":{"line":150,"column":5}},"type":"if","locations":[{"start":{"line":146,"column":4},"end":{"line":150,"column":5}},{"start":{},"end":{}}],"line":146},"18":{"loc":{"start":{"line":146,"column":8},"end":{"line":146,"column":51}},"type":"binary-expr","locations":[{"start":{"line":146,"column":8},"end":{"line":146,"column":29}},{"start":{"line":146,"column":33},"end":{"line":146,"column":51}}],"line":146}},"s":{"0":1,"1":1,"2":1,"3":1,"4":1,"5":1,"6":0,"7":0,"8":0,"9":0,"10":0,"11":0,"12":0,"13":0,"14":0,"15":0,"16":0,"17":1,"18":0,"19":0,"20":0,"21":0,"22":0,"23":0,"24":1,"25":0,"26":0,"27":0,"28":0,"29":0,"30":0,"31":0,"32":0,"33":0,"34":0,"35":0,"36":1,"37":0,"38":0,"39":0,"40":0,"41":0,"42":0,"43":0,"44":0,"45":0,"46":1,"47":0,"48":0,"49":0,"50":0,"51":0,"52":0,"53":0,"54":1,"55":0,"56":0,"57":0,"58":0,"59":0,"60":0,"61":0,"62":1},"f":{"0":0,"1":0,"2":0,"3":0,"4":0,"5":0},"b":{"0":[0],"1":[0],"2":[0],"3":[0],"4":[0,0],"5":[0,0],"6":[0,0],"7":[0,0],"8":[0,0,0,0,0],"9":[0,0],"10":[0,0],"11":[0,0],"12":[0,0],"13":[0,0],"14":[0,0],"15":[0,0],"16":[0,0],"17":[0,0],"18":[0,0]},"_coverageSchema":"1a1c01bbd47fc00a2c39e90264f33305004495a9","hash":"e6fd09ccf8f4c297ee6bf7d7e34ab4b1b86f1693"}
,"/opt/sistema-sgs/backend/src/routes/pacienteRoutes.js": {"path":"/opt/sistema-sgs/backend/src/routes/pacienteRoutes.js","statementMap":{"0":{"start":{"line":1,"column":16},"end":{"line":1,"column":34}},"1":{"start":{"line":2,"column":15},"end":{"line":2,"column":31}},"2":{"start":{"line":3,"column":27},"end":{"line":3,"column":71}},"3":{"start":{"line":4,"column":28},"end":{"line":4,"column":58}},"4":{"start":{"line":11,"column":0},"end":{"line":15,"column":2}},"5":{"start":{"line":22,"column":0},"end":{"line":25,"column":2}},"6":{"start":{"line":32,"column":0},"end":{"line":36,"column":2}},"7":{"start":{"line":43,"column":0},"end":{"line":47,"column":2}},"8":{"start":{"line":54,"column":0},"end":{"line":58,"column":2}},"9":{"start":{"line":65,"column":0},"end":{"line":69,"column":2}},"10":{"start":{"line":71,"column":0},"end":{"line":71,"column":24}}},"fnMap":{},"branchMap":{},"s":{"0":1,"1":1,"2":1,"3":1,"4":1,"5":1,"6":1,"7":1,"8":1,"9":1,"10":1},"f":{},"b":{},"_coverageSchema":"1a1c01bbd47fc00a2c39e90264f33305004495a9","hash":"7a9c5dcd0d5875aded311546c32d39b23b5d3b49"}
,"/opt/sistema-sgs/backend/src/routes/prescricaoRoutes.js": {"path":"/opt/sistema-sgs/backend/src/routes/prescricaoRoutes.js","statementMap":{"0":{"start":{"line":1,"column":16},"end":{"line":1,"column":34}},"1":{"start":{"line":2,"column":15},"end":{"line":2,"column":31}},"2":{"start":{"line":3,"column":61},"end":{"line":3,"column":81}},"3":{"start":{"line":4,"column":28},"end":{"line":4,"column":58}},"4":{"start":{"line":7,"column":0},"end":{"line":50,"column":3}},"5":{"start":{"line":8,"column":2},"end":{"line":49,"column":3}},"6":{"start":{"line":9,"column":52},"end":{"line":9,"column":61}},"7":{"start":{"line":10,"column":19},"end":{"line":10,"column":37}},"8":{"start":{"line":11,"column":18},"end":{"line":11,"column":20}},"9":{"start":{"line":13,"column":4},"end":{"line":13,"column":59}},"10":{"start":{"line":13,"column":23},"end":{"line":13,"column":59}},"11":{"start":{"line":15,"column":41},"end":{"line":36,"column":6}},"12":{"start":{"line":38,"column":4},"end":{"line":46,"column":7}},"13":{"start":{"line":48,"column":4},"end":{"line":48,"column":58}},"14":{"start":{"line":53,"column":0},"end":{"line":82,"column":3}},"15":{"start":{"line":54,"column":2},"end":{"line":81,"column":3}},"16":{"start":{"line":55,"column":23},"end":{"line":72,"column":6}},"17":{"start":{"line":74,"column":4},"end":{"line":76,"column":5}},"18":{"start":{"line":75,"column":6},"end":{"line":75,"column":74}},"19":{"start":{"line":78,"column":4},"end":{"line":78,"column":36}},"20":{"start":{"line":80,"column":4},"end":{"line":80,"column":58}},"21":{"start":{"line":85,"column":0},"end":{"line":135,"column":3}},"22":{"start":{"line":86,"column":2},"end":{"line":134,"column":3}},"23":{"start":{"line":90,"column":8},"end":{"line":90,"column":16}},"24":{"start":{"line":92,"column":4},"end":{"line":97,"column":5}},"25":{"start":{"line":93,"column":6},"end":{"line":96,"column":9}},"26":{"start":{"line":99,"column":23},"end":{"line":107,"column":6}},"27":{"start":{"line":109,"column":29},"end":{"line":126,"column":6}},"28":{"start":{"line":128,"column":4},"end":{"line":131,"column":7}},"29":{"start":{"line":133,"column":4},"end":{"line":133,"column":58}},"30":{"start":{"line":138,"column":0},"end":{"line":162,"column":3}},"31":{"start":{"line":139,"column":2},"end":{"line":161,"column":3}},"32":{"start":{"line":140,"column":23},"end":{"line":140,"column":63}},"33":{"start":{"line":142,"column":4},"end":{"line":144,"column":5}},"34":{"start":{"line":143,"column":6},"end":{"line":143,"column":74}},"35":{"start":{"line":146,"column":4},"end":{"line":146,"column":38}},"36":{"start":{"line":148,"column":33},"end":{"line":153,"column":6}},"37":{"start":{"line":155,"column":4},"end":{"line":158,"column":7}},"38":{"start":{"line":160,"column":4},"end":{"line":160,"column":58}},"39":{"start":{"line":165,"column":0},"end":{"line":179,"column":3}},"40":{"start":{"line":166,"column":2},"end":{"line":178,"column":3}},"41":{"start":{"line":167,"column":23},"end":{"line":167,"column":63}},"42":{"start":{"line":169,"column":4},"end":{"line":171,"column":5}},"43":{"start":{"line":170,"column":6},"end":{"line":170,"column":74}},"44":{"start":{"line":173,"column":4},"end":{"line":173,"column":31}},"45":{"start":{"line":175,"column":4},"end":{"line":175,"column":68}},"46":{"start":{"line":177,"column":4},"end":{"line":177,"column":58}},"47":{"start":{"line":182,"column":0},"end":{"line":193,"column":3}},"48":{"start":{"line":183,"column":2},"end":{"line":192,"column":3}},"49":{"start":{"line":184,"column":24},"end":{"line":187,"column":6}},"50":{"start":{"line":189,"column":4},"end":{"line":189,"column":37}},"51":{"start":{"line":191,"column":4},"end":{"line":191,"column":58}},"52":{"start":{"line":195,"column":0},"end":{"line":195,"column":24}}},"fnMap":{"0":{"name":"(anonymous_0)","decl":{"start":{"line":7,"column":22},"end":{"line":7,"column":23}},"loc":{"start":{"line":7,"column":42},"end":{"line":50,"column":1}},"line":7},"1":{"name":"(anonymous_1)","decl":{"start":{"line":53,"column":25},"end":{"line":53,"column":26}},"loc":{"start":{"line":53,"column":45},"end":{"line":82,"column":1}},"line":53},"2":{"name":"(anonymous_2)","decl":{"start":{"line":85,"column":61},"end":{"line":85,"column":62}},"loc":{"start":{"line":85,"column":81},"end":{"line":135,"column":1}},"line":85},"3":{"name":"(anonymous_3)","decl":{"start":{"line":138,"column":63},"end":{"line":138,"column":64}},"loc":{"start":{"line":138,"column":83},"end":{"line":162,"column":1}},"line":138},"4":{"name":"(anonymous_4)","decl":{"start":{"line":165,"column":66},"end":{"line":165,"column":67}},"loc":{"start":{"line":165,"column":86},"end":{"line":179,"column":1}},"line":165},"5":{"name":"(anonymous_5)","decl":{"start":{"line":182,"column":47},"end":{"line":182,"column":48}},"loc":{"start":{"line":182,"column":67},"end":{"line":193,"column":1}},"line":182}},"branchMap":{"0":{"loc":{"start":{"line":9,"column":12},"end":{"line":9,"column":20}},"type":"default-arg","locations":[{"start":{"line":9,"column":19},"end":{"line":9,"column":20}}],"line":9},"1":{"loc":{"start":{"line":9,"column":22},"end":{"line":9,"column":32}},"type":"default-arg","locations":[{"start":{"line":9,"column":30},"end":{"line":9,"column":32}}],"line":9},"2":{"loc":{"start":{"line":13,"column":4},"end":{"line":13,"column":59}},"type":"if","locations":[{"start":{"line":13,"column":4},"end":{"line":13,"column":59}},{"start":{},"end":{}}],"line":13},"3":{"loc":{"start":{"line":74,"column":4},"end":{"line":76,"column":5}},"type":"if","locations":[{"start":{"line":74,"column":4},"end":{"line":76,"column":5}},{"start":{},"end":{}}],"line":74},"4":{"loc":{"start":{"line":92,"column":4},"end":{"line":97,"column":5}},"type":"if","locations":[{"start":{"line":92,"column":4},"end":{"line":97,"column":5}},{"start":{},"end":{}}],"line":92},"5":{"loc":{"start":{"line":92,"column":8},"end":{"line":92,"column":77}},"type":"binary-expr","locations":[{"start":{"line":92,"column":8},"end":{"line":92,"column":22}},{"start":{"line":92,"column":26},"end":{"line":92,"column":38}},{"start":{"line":92,"column":42},"end":{"line":92,"column":50}},{"start":{"line":92,"column":54},"end":{"line":92,"column":65}},{"start":{"line":92,"column":69},"end":{"line":92,"column":77}}],"line":92},"6":{"loc":{"start":{"line":142,"column":4},"end":{"line":144,"column":5}},"type":"if","locations":[{"start":{"line":142,"column":4},"end":{"line":144,"column":5}},{"start":{},"end":{}}],"line":142},"7":{"loc":{"start":{"line":169,"column":4},"end":{"line":171,"column":5}},"type":"if","locations":[{"start":{"line":169,"column":4},"end":{"line":171,"column":5}},{"start":{},"end":{}}],"line":169}},"s":{"0":1,"1":1,"2":1,"3":1,"4":1,"5":0,"6":0,"7":0,"8":0,"9":0,"10":0,"11":0,"12":0,"13":0,"14":1,"15":0,"16":0,"17":0,"18":0,"19":0,"20":0,"21":1,"22":0,"23":0,"24":0,"25":0,"26":0,"27":0,"28":0,"29":0,"30":1,"31":0,"32":0,"33":0,"34":0,"35":0,"36":0,"37":0,"38":0,"39":1,"40":0,"41":0,"42":0,"43":0,"44":0,"45":0,"46":0,"47":1,"48":0,"49":0,"50":0,"51":0,"52":1},"f":{"0":0,"1":0,"2":0,"3":0,"4":0,"5":0},"b":{"0":[0],"1":[0],"2":[0,0],"3":[0,0],"4":[0,0],"5":[0,0,0,0,0],"6":[0,0],"7":[0,0]},"_coverageSchema":"1a1c01bbd47fc00a2c39e90264f33305004495a9","hash":"7ca620200d4f0a222008fd7b22c2b2665f210e63"}
,"/opt/sistema-sgs/backend/src/routes/prontuarioRoutes.js": {"path":"/opt/sistema-sgs/backend/src/routes/prontuarioRoutes.js","statementMap":{"0":{"start":{"line":1,"column":16},"end":{"line":1,"column":34}},"1":{"start":{"line":2,"column":15},"end":{"line":2,"column":31}},"2":{"start":{"line":3,"column":71},"end":{"line":3,"column":91}},"3":{"start":{"line":4,"column":28},"end":{"line":4,"column":58}},"4":{"start":{"line":7,"column":0},"end":{"line":51,"column":3}},"5":{"start":{"line":8,"column":2},"end":{"line":50,"column":3}},"6":{"start":{"line":9,"column":61},"end":{"line":9,"column":70}},"7":{"start":{"line":10,"column":19},"end":{"line":10,"column":37}},"8":{"start":{"line":11,"column":18},"end":{"line":11,"column":20}},"9":{"start":{"line":13,"column":4},"end":{"line":13,"column":53}},"10":{"start":{"line":13,"column":21},"end":{"line":13,"column":53}},"11":{"start":{"line":14,"column":4},"end":{"line":14,"column":47}},"12":{"start":{"line":14,"column":19},"end":{"line":14,"column":47}},"13":{"start":{"line":16,"column":41},"end":{"line":37,"column":6}},"14":{"start":{"line":39,"column":4},"end":{"line":47,"column":7}},"15":{"start":{"line":49,"column":4},"end":{"line":49,"column":58}},"16":{"start":{"line":54,"column":0},"end":{"line":87,"column":3}},"17":{"start":{"line":55,"column":2},"end":{"line":86,"column":3}},"18":{"start":{"line":56,"column":23},"end":{"line":77,"column":6}},"19":{"start":{"line":79,"column":4},"end":{"line":81,"column":5}},"20":{"start":{"line":80,"column":6},"end":{"line":80,"column":74}},"21":{"start":{"line":83,"column":4},"end":{"line":83,"column":36}},"22":{"start":{"line":85,"column":4},"end":{"line":85,"column":58}},"23":{"start":{"line":90,"column":0},"end":{"line":132,"column":3}},"24":{"start":{"line":91,"column":2},"end":{"line":131,"column":3}},"25":{"start":{"line":96,"column":8},"end":{"line":96,"column":16}},"26":{"start":{"line":98,"column":4},"end":{"line":102,"column":5}},"27":{"start":{"line":99,"column":6},"end":{"line":101,"column":9}},"28":{"start":{"line":104,"column":23},"end":{"line":108,"column":6}},"29":{"start":{"line":110,"column":29},"end":{"line":123,"column":6}},"30":{"start":{"line":125,"column":4},"end":{"line":128,"column":7}},"31":{"start":{"line":130,"column":4},"end":{"line":130,"column":58}},"32":{"start":{"line":135,"column":0},"end":{"line":167,"column":3}},"33":{"start":{"line":136,"column":2},"end":{"line":166,"column":3}},"34":{"start":{"line":137,"column":23},"end":{"line":137,"column":63}},"35":{"start":{"line":139,"column":4},"end":{"line":141,"column":5}},"36":{"start":{"line":140,"column":6},"end":{"line":140,"column":74}},"37":{"start":{"line":143,"column":4},"end":{"line":143,"column":38}},"38":{"start":{"line":145,"column":33},"end":{"line":158,"column":6}},"39":{"start":{"line":160,"column":4},"end":{"line":163,"column":7}},"40":{"start":{"line":165,"column":4},"end":{"line":165,"column":58}},"41":{"start":{"line":170,"column":0},"end":{"line":192,"column":3}},"42":{"start":{"line":171,"column":2},"end":{"line":191,"column":3}},"43":{"start":{"line":172,"column":24},"end":{"line":186,"column":6}},"44":{"start":{"line":188,"column":4},"end":{"line":188,"column":37}},"45":{"start":{"line":190,"column":4},"end":{"line":190,"column":58}},"46":{"start":{"line":194,"column":0},"end":{"line":194,"column":24}}},"fnMap":{"0":{"name":"(anonymous_0)","decl":{"start":{"line":7,"column":60},"end":{"line":7,"column":61}},"loc":{"start":{"line":7,"column":80},"end":{"line":51,"column":1}},"line":7},"1":{"name":"(anonymous_1)","decl":{"start":{"line":54,"column":25},"end":{"line":54,"column":26}},"loc":{"start":{"line":54,"column":45},"end":{"line":87,"column":1}},"line":54},"2":{"name":"(anonymous_2)","decl":{"start":{"line":90,"column":61},"end":{"line":90,"column":62}},"loc":{"start":{"line":90,"column":81},"end":{"line":132,"column":1}},"line":90},"3":{"name":"(anonymous_3)","decl":{"start":{"line":135,"column":63},"end":{"line":135,"column":64}},"loc":{"start":{"line":135,"column":83},"end":{"line":167,"column":1}},"line":135},"4":{"name":"(anonymous_4)","decl":{"start":{"line":170,"column":43},"end":{"line":170,"column":44}},"loc":{"start":{"line":170,"column":63},"end":{"line":192,"column":1}},"line":170}},"branchMap":{"0":{"loc":{"start":{"line":9,"column":12},"end":{"line":9,"column":20}},"type":"default-arg","locations":[{"start":{"line":9,"column":19},"end":{"line":9,"column":20}}],"line":9},"1":{"loc":{"start":{"line":9,"column":22},"end":{"line":9,"column":32}},"type":"default-arg","locations":[{"start":{"line":9,"column":30},"end":{"line":9,"column":32}}],"line":9},"2":{"loc":{"start":{"line":13,"column":4},"end":{"line":13,"column":53}},"type":"if","locations":[{"start":{"line":13,"column":4},"end":{"line":13,"column":53}},{"start":{},"end":{}}],"line":13},"3":{"loc":{"start":{"line":14,"column":4},"end":{"line":14,"column":47}},"type":"if","locations":[{"start":{"line":14,"column":4},"end":{"line":14,"column":47}},{"start":{},"end":{}}],"line":14},"4":{"loc":{"start":{"line":79,"column":4},"end":{"line":81,"column":5}},"type":"if","locations":[{"start":{"line":79,"column":4},"end":{"line":81,"column":5}},{"start":{},"end":{}}],"line":79},"5":{"loc":{"start":{"line":98,"column":4},"end":{"line":102,"column":5}},"type":"if","locations":[{"start":{"line":98,"column":4},"end":{"line":102,"column":5}},{"start":{},"end":{}}],"line":98},"6":{"loc":{"start":{"line":98,"column":8},"end":{"line":98,"column":50}},"type":"binary-expr","locations":[{"start":{"line":98,"column":8},"end":{"line":98,"column":20}},{"start":{"line":98,"column":24},"end":{"line":98,"column":36}},{"start":{"line":98,"column":40},"end":{"line":98,"column":50}}],"line":98},"7":{"loc":{"start":{"line":139,"column":4},"end":{"line":141,"column":5}},"type":"if","locations":[{"start":{"line":139,"column":4},"end":{"line":141,"column":5}},{"start":{},"end":{}}],"line":139}},"s":{"0":1,"1":1,"2":1,"3":1,"4":1,"5":0,"6":0,"7":0,"8":0,"9":0,"10":0,"11":0,"12":0,"13":0,"14":0,"15":0,"16":1,"17":0,"18":0,"19":0,"20":0,"21":0,"22":0,"23":1,"24":0,"25":0,"26":0,"27":0,"28":0,"29":0,"30":0,"31":0,"32":1,"33":0,"34":0,"35":0,"36":0,"37":0,"38":0,"39":0,"40":0,"41":1,"42":0,"43":0,"44":0,"45":0,"46":1},"f":{"0":0,"1":0,"2":0,"3":0,"4":0},"b":{"0":[0],"1":[0],"2":[0,0],"3":[0,0],"4":[0,0],"5":[0,0],"6":[0,0,0],"7":[0,0]},"_coverageSchema":"1a1c01bbd47fc00a2c39e90264f33305004495a9","hash":"a00483a27af41ba567a6d07452aa643a0a3bb230"}
}
