TN:
SF:src/config/database.js
FNF:0
FNH:0
DA:1,1
DA:3,1
DA:28,1
LF:3
LH:3
BRDA:4,0,0,1
BRDA:4,0,1,0
BRDA:5,1,0,1
BRDA:5,1,1,0
BRDA:6,2,0,1
BRDA:6,2,1,0
BRDA:8,3,0,1
BRDA:8,3,1,0
BRDA:9,4,0,1
BRDA:9,4,1,0
BRDA:11,5,0,0
BRDA:11,5,1,1
BRF:12
BRH:6
end_of_record
TN:
SF:src/config/logger.js
FN:15,(anonymous_0)
FNF:1
FNH:0
FNDA:0,(anonymous_0)
DA:1,0
DA:2,0
DA:3,0
DA:6,0
DA:7,0
DA:8,0
DA:11,0
DA:16,0
DA:17,0
DA:19,0
DA:23,0
DA:43,0
LF:12
LH:0
BRDA:7,0,0,0
BRDA:7,0,1,0
BRDA:16,1,0,0
BRDA:16,1,1,0
BRDA:24,2,0,0
BRDA:24,2,1,0
BRF:6
BRH:0
end_of_record
TN:
SF:src/controllers/AuthController.js
FN:9,(anonymous_0)
FN:132,(anonymous_1)
FN:166,(anonymous_2)
FN:225,(anonymous_3)
FN:247,(anonymous_4)
FNF:5
FNH:2
FNDA:4,(anonymous_0)
FNDA:1,(anonymous_1)
FNDA:0,(anonymous_2)
FNDA:0,(anonymous_3)
FNDA:0,(anonymous_4)
DA:1,1
DA:2,1
DA:10,4
DA:11,4
DA:14,4
DA:15,0
DA:22,4
DA:31,4
DA:32,0
DA:39,4
DA:40,0
DA:47,4
DA:48,0
DA:49,0
DA:57,4
DA:59,4
DA:61,1
DA:63,1
DA:65,0
DA:66,0
DA:68,0
DA:73,0
DA:80,1
DA:82,1
DA:90,3
DA:97,3
DA:110,3
DA:112,3
DA:120,0
DA:121,0
DA:133,1
DA:134,1
DA:142,1
DA:143,0
DA:149,1
DA:154,0
DA:155,0
DA:167,0
DA:168,0
DA:171,0
DA:172,0
DA:178,0
DA:179,0
DA:185,0
DA:186,0
DA:193,0
DA:196,0
DA:197,0
DA:198,0
DA:205,0
DA:206,0
DA:208,0
DA:213,0
DA:214,0
DA:226,0
DA:230,0
DA:235,0
DA:236,0
DA:248,0
DA:250,0
DA:257,0
DA:265,1
LF:62
LH:24
BRDA:14,0,0,0
BRDA:14,0,1,4
BRDA:14,1,0,4
BRDA:14,1,1,4
BRDA:31,2,0,0
BRDA:31,2,1,4
BRDA:39,3,0,0
BRDA:39,3,1,4
BRDA:47,4,0,0
BRDA:47,4,1,4
BRDA:47,5,0,4
BRDA:47,5,1,0
BRDA:59,6,0,1
BRDA:59,6,1,3
BRDA:63,7,0,0
BRDA:63,7,1,1
BRDA:105,8,0,3
BRDA:105,8,1,0
BRDA:142,9,0,0
BRDA:142,9,1,1
BRDA:171,10,0,0
BRDA:171,10,1,0
BRDA:171,11,0,0
BRDA:171,11,1,0
BRDA:171,11,2,0
BRDA:178,12,0,0
BRDA:178,12,1,0
BRDA:185,13,0,0
BRDA:185,13,1,0
BRDA:197,14,0,0
BRDA:197,14,1,0
BRF:31
BRH:12
end_of_record
TN:
SF:src/controllers/ConsultaController.js
FN:5,(anonymous_0)
FN:56,(anonymous_1)
FN:113,(anonymous_2)
FN:141,(anonymous_3)
FNF:4
FNH:2
FNDA:1,(anonymous_0)
FNDA:2,(anonymous_1)
FNDA:0,(anonymous_2)
FNDA:0,(anonymous_3)
DA:1,1
DA:2,1
DA:6,1
DA:10,1
DA:12,1
DA:13,1
DA:14,1
DA:15,1
DA:17,1
DA:18,0
DA:23,1
DA:42,1
DA:52,0
DA:57,2
DA:58,2
DA:60,2
DA:61,1
DA:67,1
DA:68,1
DA:81,1
DA:82,0
DA:88,1
DA:97,1
DA:104,1
DA:109,0
DA:114,0
DA:115,0
DA:116,0
DA:118,0
DA:119,0
DA:120,0
DA:123,0
DA:125,0
DA:132,0
DA:137,0
DA:142,0
DA:143,0
DA:144,0
DA:146,0
DA:147,0
DA:148,0
DA:151,0
DA:156,0
DA:158,0
DA:163,1
LF:45
LH:22
BRDA:8,0,0,1
BRDA:8,1,0,1
BRDA:13,2,0,0
BRDA:13,2,1,1
BRDA:14,3,0,0
BRDA:14,3,1,1
BRDA:15,4,0,0
BRDA:15,4,1,1
BRDA:17,5,0,0
BRDA:17,5,1,1
BRDA:17,6,0,1
BRDA:17,6,1,0
BRDA:60,7,0,1
BRDA:60,7,1,1
BRDA:60,8,0,2
BRDA:60,8,1,1
BRDA:60,8,2,1
BRDA:81,9,0,0
BRDA:81,9,1,1
BRDA:92,10,0,1
BRDA:92,10,1,0
BRDA:119,11,0,0
BRDA:119,11,1,0
BRDA:147,12,0,0
BRDA:147,12,1,0
BRF:25
BRH:14
end_of_record
TN:
SF:src/controllers/PacienteController.js
FN:9,(anonymous_0)
FN:70,(anonymous_1)
FN:126,(anonymous_2)
FN:241,(anonymous_3)
FN:259,(anonymous_4)
FN:313,(anonymous_5)
FN:348,(anonymous_6)
FNF:7
FNH:2
FNDA:1,(anonymous_0)
FNDA:0,(anonymous_1)
FNDA:3,(anonymous_2)
FNDA:0,(anonymous_3)
FNDA:0,(anonymous_4)
FNDA:0,(anonymous_5)
FNDA:0,(anonymous_6)
DA:1,1
DA:2,1
DA:10,1
DA:16,1
DA:18,1
DA:19,1
DA:21,1
DA:22,0
DA:30,1
DA:31,1
DA:34,1
DA:47,1
DA:58,0
DA:59,0
DA:71,0
DA:72,0
DA:74,0
DA:90,0
DA:91,0
DA:98,0
DA:99,0
DA:102,0
DA:104,0
DA:114,0
DA:115,0
DA:127,3
DA:138,3
DA:141,3
DA:142,0
DA:149,3
DA:150,3
DA:151,1
DA:158,2
DA:159,2
DA:160,1
DA:167,1
DA:175,1
DA:178,1
DA:179,1
DA:182,1
DA:194,1
DA:195,0
DA:205,1
DA:212,1
DA:218,0
DA:221,0
DA:222,0
DA:224,0
DA:225,0
DA:226,0
DA:227,0
DA:228,0
DA:231,0
DA:238,0
DA:239,0
DA:241,0
DA:248,0
DA:260,0
DA:261,0
DA:262,0
DA:264,0
DA:268,0
DA:269,0
DA:276,0
DA:277,0
DA:281,0
DA:291,0
DA:295,0
DA:301,0
DA:302,0
DA:314,0
DA:315,0
DA:317,0
DA:321,0
DA:322,0
DA:329,0
DA:331,0
DA:336,0
DA:337,0
DA:349,0
DA:350,0
DA:352,0
DA:353,0
DA:354,0
DA:359,0
DA:370,0
DA:375,0
DA:381,0
DA:382,0
DA:390,1
LF:90
LH:29
BRDA:12,0,0,1
BRDA:13,1,0,1
BRDA:14,2,0,1
BRDA:15,3,0,1
BRDA:21,4,0,0
BRDA:21,4,1,1
BRDA:30,5,0,1
BRDA:30,5,1,0
BRDA:90,6,0,0
BRDA:90,6,1,0
BRDA:137,7,0,3
BRDA:141,8,0,0
BRDA:141,8,1,3
BRDA:141,9,0,3
BRDA:141,9,1,3
BRDA:141,9,2,3
BRDA:141,9,3,3
BRDA:141,9,4,3
BRDA:150,10,0,1
BRDA:150,10,1,2
BRDA:159,11,0,1
BRDA:159,11,1,1
BRDA:178,12,0,1
BRDA:178,12,1,0
BRDA:194,13,0,0
BRDA:194,13,1,1
BRDA:194,14,0,1
BRDA:194,14,1,0
BRDA:221,15,0,0
BRDA:221,15,1,0
BRDA:222,16,0,0
BRDA:222,16,1,0
BRDA:225,17,0,0
BRDA:225,17,1,0
BRDA:227,18,0,0
BRDA:227,18,1,0
BRDA:238,19,0,0
BRDA:238,19,1,0
BRDA:268,20,0,0
BRDA:268,20,1,0
BRDA:276,21,0,0
BRDA:276,21,1,0
BRDA:321,22,0,0
BRDA:321,22,1,0
BRDA:353,23,0,0
BRDA:353,23,1,0
BRF:46
BRH:20
end_of_record
TN:
SF:src/middlewares/auth.js
FN:8,(anonymous_0)
FN:98,(anonymous_1)
FN:99,(anonymous_2)
FN:124,(anonymous_3)
FNF:4
FNH:3
FNDA:9,(anonymous_0)
FNDA:20,(anonymous_1)
FNDA:6,(anonymous_2)
FNDA:0,(anonymous_3)
DA:1,1
DA:2,1
DA:8,1
DA:9,9
DA:11,9
DA:13,9
DA:14,1
DA:21,8
DA:23,8
DA:24,0
DA:30,8
DA:32,8
DA:33,0
DA:40,8
DA:43,8
DA:52,8
DA:53,0
DA:59,8
DA:60,0
DA:67,8
DA:68,8
DA:69,8
DA:71,8
DA:73,0
DA:74,0
DA:80,0
DA:81,0
DA:87,0
DA:98,1
DA:99,20
DA:100,6
DA:101,0
DA:107,6
DA:108,0
DA:116,6
DA:124,1
DA:125,0
DA:126,0
DA:128,0
DA:129,0
DA:132,0
DA:134,0
DA:135,0
DA:138,0
DA:140,0
DA:141,0
DA:144,0
DA:145,0
DA:152,0
DA:153,0
DA:154,0
DA:155,0
DA:158,0
DA:161,0
DA:165,1
LF:55
LH:26
BRDA:13,0,0,1
BRDA:13,0,1,8
BRDA:23,1,0,0
BRDA:23,1,1,8
BRDA:32,2,0,0
BRDA:32,2,1,8
BRDA:52,3,0,0
BRDA:52,3,1,8
BRDA:59,4,0,0
BRDA:59,4,1,8
BRDA:73,5,0,0
BRDA:73,5,1,0
BRDA:80,6,0,0
BRDA:80,6,1,0
BRDA:100,7,0,0
BRDA:100,7,1,6
BRDA:107,8,0,0
BRDA:107,8,1,6
BRDA:128,9,0,0
BRDA:128,9,1,0
BRDA:134,10,0,0
BRDA:134,10,1,0
BRDA:140,11,0,0
BRDA:140,11,1,0
BRDA:152,12,0,0
BRDA:152,12,1,0
BRDA:152,13,0,0
BRDA:152,13,1,0
BRF:28
BRH:8
end_of_record
TN:
SF:src/models/Consulta.js
FNF:0
FNH:0
DA:1,1
DA:2,1
DA:6,1
DA:63,1
LF:4
LH:4
BRF:0
BRH:0
end_of_record
TN:
SF:src/models/Exame.js
FNF:0
FNH:0
DA:1,1
DA:2,1
DA:6,1
DA:63,1
LF:4
LH:4
BRF:0
BRH:0
end_of_record
TN:
SF:src/models/Medico.js
FNF:0
FNH:0
DA:1,1
DA:2,1
DA:6,1
DA:49,1
LF:4
LH:4
BRF:0
BRH:0
end_of_record
TN:
SF:src/models/Notificacao.js
FNF:0
FNH:0
DA:1,1
DA:2,1
DA:6,1
DA:47,1
LF:4
LH:4
BRF:0
BRH:0
end_of_record
TN:
SF:src/models/Paciente.js
FNF:0
FNH:0
DA:1,1
DA:2,1
DA:6,1
DA:57,1
LF:4
LH:4
BRF:0
BRH:0
end_of_record
TN:
SF:src/models/Pessoa.js
FNF:0
FNH:0
DA:1,1
DA:2,1
DA:6,1
DA:92,1
LF:4
LH:4
BRF:0
BRH:0
end_of_record
TN:
SF:src/models/Prescricao.js
FNF:0
FNH:0
DA:1,1
DA:2,1
DA:6,1
DA:51,1
LF:4
LH:4
BRF:0
BRH:0
end_of_record
TN:
SF:src/models/Prontuario.js
FNF:0
FNH:0
DA:1,1
DA:2,1
DA:6,1
DA:71,1
LF:4
LH:4
BRF:0
BRH:0
end_of_record
TN:
SF:src/models/Usuario.js
FN:6,(anonymous_0)
FN:10,(anonymous_1)
FN:70,(anonymous_2)
FN:75,(anonymous_3)
FNF:4
FNH:3
FNDA:4,(anonymous_0)
FNDA:4,(anonymous_1)
FNDA:0,(anonymous_2)
FNDA:4,(anonymous_3)
DA:1,1
DA:2,1
DA:3,1
DA:7,4
DA:11,4
DA:12,4
DA:13,4
DA:17,1
DA:71,0
DA:72,0
DA:76,4
DA:77,0
DA:83,1
LF:13
LH:10
BRDA:71,0,0,0
BRDA:71,0,1,0
BRDA:76,1,0,0
BRDA:76,1,1,4
BRF:4
BRH:1
end_of_record
TN:
SF:src/models/index.js
FNF:0
FNH:0
DA:1,1
DA:2,1
DA:3,1
DA:4,1
DA:5,1
DA:6,1
DA:7,1
DA:8,1
DA:9,1
DA:10,1
DA:13,1
DA:14,1
DA:16,1
DA:17,1
DA:19,1
DA:20,1
DA:22,1
DA:23,1
DA:25,1
DA:26,1
DA:28,1
DA:29,1
DA:31,1
DA:32,1
DA:34,1
DA:35,1
DA:37,1
DA:38,1
DA:40,1
DA:41,1
DA:43,1
DA:44,1
DA:46,1
DA:47,1
DA:49,1
LF:35
LH:35
BRF:0
BRH:0
end_of_record
TN:
SF:src/routes/authRoutes.js
FNF:0
FNH:0
DA:1,1
DA:2,1
DA:3,1
DA:4,1
DA:11,1
DA:18,1
DA:25,1
DA:32,1
DA:39,1
DA:41,1
LF:10
LH:10
BRF:0
BRH:0
end_of_record
TN:
SF:src/routes/consultaRoutes.js
FNF:0
FNH:0
DA:1,1
DA:2,1
DA:3,1
DA:4,1
DA:6,1
DA:7,1
DA:8,1
DA:9,1
DA:11,1
LF:9
LH:9
BRF:0
BRH:0
end_of_record
TN:
SF:src/routes/exameRoutes.js
FN:7,(anonymous_0)
FN:51,(anonymous_1)
FN:79,(anonymous_2)
FN:126,(anonymous_3)
FN:161,(anonymous_4)
FN:188,(anonymous_5)
FNF:6
FNH:0
FNDA:0,(anonymous_0)
FNDA:0,(anonymous_1)
FNDA:0,(anonymous_2)
FNDA:0,(anonymous_3)
FNDA:0,(anonymous_4)
FNDA:0,(anonymous_5)
DA:1,1
DA:2,1
DA:3,1
DA:4,1
DA:7,1
DA:8,0
DA:9,0
DA:10,0
DA:11,0
DA:13,0
DA:14,0
DA:15,0
DA:17,0
DA:36,0
DA:46,0
DA:51,1
DA:52,0
DA:53,0
DA:68,0
DA:69,0
DA:72,0
DA:74,0
DA:79,1
DA:80,0
DA:84,0
DA:86,0
DA:87,0
DA:92,0
DA:101,0
DA:116,0
DA:121,0
DA:126,1
DA:127,0
DA:128,0
DA:130,0
DA:131,0
DA:134,0
DA:136,0
DA:151,0
DA:156,0
DA:161,1
DA:162,0
DA:163,0
DA:165,0
DA:167,0
DA:168,0
DA:171,0
DA:178,0
DA:183,0
DA:188,1
DA:189,0
DA:190,0
DA:202,0
DA:204,0
DA:208,1
LF:55
LH:11
BRDA:9,0,0,0
BRDA:9,1,0,0
BRDA:13,2,0,0
BRDA:13,2,1,0
BRDA:14,3,0,0
BRDA:14,3,1,0
BRDA:15,4,0,0
BRDA:15,4,1,0
BRDA:68,5,0,0
BRDA:68,5,1,0
BRDA:86,6,0,0
BRDA:86,6,1,0
BRDA:86,7,0,0
BRDA:86,7,1,0
BRDA:86,7,2,0
BRDA:130,8,0,0
BRDA:130,8,1,0
BRDA:167,9,0,0
BRDA:167,9,1,0
BRF:19
BRH:0
end_of_record
TN:
SF:src/routes/integration.test.js
FN:12,(anonymous_0)
FN:14,(anonymous_1)
FN:19,(anonymous_2)
FN:27,(anonymous_3)
FN:29,(anonymous_4)
FN:44,(anonymous_5)
FN:56,(anonymous_6)
FN:67,(anonymous_7)
FN:76,(anonymous_8)
FN:89,(anonymous_9)
FN:91,(anonymous_10)
FN:101,(anonymous_11)
FN:121,(anonymous_12)
FN:143,(anonymous_13)
FN:145,(anonymous_14)
FN:154,(anonymous_15)
FN:181,(anonymous_16)
FNF:17
FNH:0
FNDA:0,(anonymous_0)
FNDA:0,(anonymous_1)
FNDA:0,(anonymous_2)
FNDA:0,(anonymous_3)
FNDA:0,(anonymous_4)
FNDA:0,(anonymous_5)
FNDA:0,(anonymous_6)
FNDA:0,(anonymous_7)
FNDA:0,(anonymous_8)
FNDA:0,(anonymous_9)
FNDA:0,(anonymous_10)
FNDA:0,(anonymous_11)
FNDA:0,(anonymous_12)
FNDA:0,(anonymous_13)
FNDA:0,(anonymous_14)
FNDA:0,(anonymous_15)
FNDA:0,(anonymous_16)
DA:5,0
DA:6,0
DA:7,0
DA:12,0
DA:14,0
DA:15,0
DA:16,0
DA:19,0
DA:20,0
DA:27,0
DA:29,0
DA:30,0
DA:37,0
DA:38,0
DA:39,0
DA:41,0
DA:44,0
DA:45,0
DA:52,0
DA:53,0
DA:56,0
DA:57,0
DA:64,0
DA:67,0
DA:68,0
DA:72,0
DA:73,0
DA:76,0
DA:77,0
DA:80,0
DA:89,0
DA:91,0
DA:92,0
DA:96,0
DA:97,0
DA:98,0
DA:101,0
DA:102,0
DA:115,0
DA:116,0
DA:118,0
DA:121,0
DA:122,0
DA:134,0
DA:143,0
DA:145,0
DA:146,0
DA:150,0
DA:151,0
DA:154,0
DA:155,0
DA:156,0
DA:157,0
DA:159,0
DA:169,0
DA:170,0
DA:172,0
DA:181,0
DA:182,0
LF:59
LH:0
BRDA:163,0,0,0
BRDA:163,0,1,0
BRF:2
BRH:0
end_of_record
TN:
SF:src/routes/medicoRoutes.js
FN:8,(anonymous_0)
FN:47,(anonymous_1)
FN:64,(anonymous_2)
FN:104,(anonymous_3)
FN:124,(anonymous_4)
FN:142,(anonymous_5)
FNF:6
FNH:0
FNDA:0,(anonymous_0)
FNDA:0,(anonymous_1)
FNDA:0,(anonymous_2)
FNDA:0,(anonymous_3)
FNDA:0,(anonymous_4)
FNDA:0,(anonymous_5)
DA:1,1
DA:2,1
DA:3,1
DA:4,1
DA:5,1
DA:8,1
DA:9,0
DA:10,0
DA:11,0
DA:12,0
DA:14,0
DA:15,0
DA:21,0
DA:23,0
DA:32,0
DA:42,0
DA:47,1
DA:48,0
DA:49,0
DA:53,0
DA:54,0
DA:57,0
DA:59,0
DA:64,1
DA:65,0
DA:66,0
DA:68,0
DA:69,0
DA:72,0
DA:80,0
DA:85,0
DA:86,0
DA:93,0
DA:97,0
DA:99,0
DA:104,1
DA:105,0
DA:106,0
DA:110,0
DA:111,0
DA:114,0
DA:115,0
DA:117,0
DA:119,0
DA:124,1
DA:125,0
DA:126,0
DA:130,0
DA:131,0
DA:134,0
DA:135,0
DA:137,0
DA:142,1
DA:143,0
DA:144,0
DA:146,0
DA:147,0
DA:152,0
DA:157,0
DA:159,0
DA:163,1
LF:61
LH:12
BRDA:10,0,0,0
BRDA:10,1,0,0
BRDA:10,2,0,0
BRDA:10,3,0,0
BRDA:14,4,0,0
BRDA:14,4,1,0
BRDA:21,5,0,0
BRDA:21,5,1,0
BRDA:53,6,0,0
BRDA:53,6,1,0
BRDA:68,7,0,0
BRDA:68,7,1,0
BRDA:68,8,0,0
BRDA:68,8,1,0
BRDA:68,8,2,0
BRDA:68,8,3,0
BRDA:68,8,4,0
BRDA:74,9,0,0
BRDA:74,9,1,0
BRDA:75,10,0,0
BRDA:75,10,1,0
BRDA:76,11,0,0
BRDA:76,11,1,0
BRDA:85,12,0,0
BRDA:85,12,1,0
BRDA:88,13,0,0
BRDA:88,13,1,0
BRDA:110,14,0,0
BRDA:110,14,1,0
BRDA:114,15,0,0
BRDA:114,15,1,0
BRDA:130,16,0,0
BRDA:130,16,1,0
BRDA:146,17,0,0
BRDA:146,17,1,0
BRDA:146,18,0,0
BRDA:146,18,1,0
BRF:37
BRH:0
end_of_record
TN:
SF:src/routes/pacienteRoutes.js
FNF:0
FNH:0
DA:1,1
DA:2,1
DA:3,1
DA:4,1
DA:11,1
DA:22,1
DA:32,1
DA:43,1
DA:54,1
DA:65,1
DA:71,1
LF:11
LH:11
BRF:0
BRH:0
end_of_record
TN:
SF:src/routes/prescricaoRoutes.js
FN:7,(anonymous_0)
FN:53,(anonymous_1)
FN:85,(anonymous_2)
FN:138,(anonymous_3)
FN:165,(anonymous_4)
FN:182,(anonymous_5)
FNF:6
FNH:0
FNDA:0,(anonymous_0)
FNDA:0,(anonymous_1)
FNDA:0,(anonymous_2)
FNDA:0,(anonymous_3)
FNDA:0,(anonymous_4)
FNDA:0,(anonymous_5)
DA:1,1
DA:2,1
DA:3,1
DA:4,1
DA:7,1
DA:8,0
DA:9,0
DA:10,0
DA:11,0
DA:13,0
DA:15,0
DA:38,0
DA:48,0
DA:53,1
DA:54,0
DA:55,0
DA:74,0
DA:75,0
DA:78,0
DA:80,0
DA:85,1
DA:86,0
DA:90,0
DA:92,0
DA:93,0
DA:99,0
DA:109,0
DA:128,0
DA:133,0
DA:138,1
DA:139,0
DA:140,0
DA:142,0
DA:143,0
DA:146,0
DA:148,0
DA:155,0
DA:160,0
DA:165,1
DA:166,0
DA:167,0
DA:169,0
DA:170,0
DA:173,0
DA:175,0
DA:177,0
DA:182,1
DA:183,0
DA:184,0
DA:189,0
DA:191,0
DA:195,1
LF:52
LH:11
BRDA:9,0,0,0
BRDA:9,1,0,0
BRDA:13,2,0,0
BRDA:13,2,1,0
BRDA:74,3,0,0
BRDA:74,3,1,0
BRDA:92,4,0,0
BRDA:92,4,1,0
BRDA:92,5,0,0
BRDA:92,5,1,0
BRDA:92,5,2,0
BRDA:92,5,3,0
BRDA:92,5,4,0
BRDA:142,6,0,0
BRDA:142,6,1,0
BRDA:169,7,0,0
BRDA:169,7,1,0
BRF:17
BRH:0
end_of_record
TN:
SF:src/routes/prontuarioRoutes.js
FN:7,(anonymous_0)
FN:54,(anonymous_1)
FN:90,(anonymous_2)
FN:135,(anonymous_3)
FN:170,(anonymous_4)
FNF:5
FNH:0
FNDA:0,(anonymous_0)
FNDA:0,(anonymous_1)
FNDA:0,(anonymous_2)
FNDA:0,(anonymous_3)
FNDA:0,(anonymous_4)
DA:1,1
DA:2,1
DA:3,1
DA:4,1
DA:7,1
DA:8,0
DA:9,0
DA:10,0
DA:11,0
DA:13,0
DA:14,0
DA:16,0
DA:39,0
DA:49,0
DA:54,1
DA:55,0
DA:56,0
DA:79,0
DA:80,0
DA:83,0
DA:85,0
DA:90,1
DA:91,0
DA:96,0
DA:98,0
DA:99,0
DA:104,0
DA:110,0
DA:125,0
DA:130,0
DA:135,1
DA:136,0
DA:137,0
DA:139,0
DA:140,0
DA:143,0
DA:145,0
DA:160,0
DA:165,0
DA:170,1
DA:171,0
DA:172,0
DA:188,0
DA:190,0
DA:194,1
LF:45
LH:10
BRDA:9,0,0,0
BRDA:9,1,0,0
BRDA:13,2,0,0
BRDA:13,2,1,0
BRDA:14,3,0,0
BRDA:14,3,1,0
BRDA:79,4,0,0
BRDA:79,4,1,0
BRDA:98,5,0,0
BRDA:98,5,1,0
BRDA:98,6,0,0
BRDA:98,6,1,0
BRDA:98,6,2,0
BRDA:139,7,0,0
BRDA:139,7,1,0
BRF:15
BRH:0
end_of_record
